
{
	time: 1544372744455
	latitude: 55.3963779
	longitude: 10.3941558
	altitude: 46.4923095703125
}
					
{
	time: 1544372745396
	latitude: 55.3963877
	longitude: 10.3941815
	altitude: 46.7515869140625
}
					
{
	time: 1544372746384
	latitude: 55.39639
	longitude: 10.3942055
	altitude: 47.55938720703125
}
					
{
	time: 1544372747391
	latitude: 55.3963925
	longitude: 10.3942095
	altitude: 48.17608642578125
}
					
{
	time: 1544372748382
	latitude: 55.3963907
	longitude: 10.3942037
	altitude: 47.818359375
}
					
{
	time: 1544372749374
	latitude: 55.3963853
	longitude: 10.3941885
	altitude: 47.79876708984375
}
					
{
	time: 1544372750380
	latitude: 55.3963884
	longitude: 10.3941757
	altitude: 47.717529296875
}
					
{
	time: 1544372751390
	latitude: 55.3963835
	longitude: 10.3941547
	altitude: 47.92034912109375
}
					
{
	time: 1544372752387
	latitude: 55.3963834
	longitude: 10.3941378
	altitude: 48.44366455078125
}
					
{
	time: 1544372753382
	latitude: 55.3963791
	longitude: 10.3941131
	altitude: 47.81793212890625
}
					
{
	time: 1544372754379
	latitude: 55.3963758
	longitude: 10.3940862
	altitude: 47.82568359375
}
					
{
	time: 1544372755385
	latitude: 55.3963749
	longitude: 10.3940679
	altitude: 48.10467529296875
}
					
{
	time: 1544372756379
	latitude: 55.3963695
	longitude: 10.3940417
	altitude: 47.727783203125
}
					
{
	time: 1544372757373
	latitude: 55.3963635
	longitude: 10.3940174
	altitude: 47.30535888671875
}
					
{
	time: 1544372758369
	latitude: 55.3963624
	longitude: 10.3939975
	altitude: 47.57537841796875
}
					
{
	time: 1544372759364
	latitude: 55.3963574
	longitude: 10.3939697
	altitude: 48.127197265625
}
					
{
	time: 1544372760364
	latitude: 55.3963522
	longitude: 10.3939445
	altitude: 47.88739013671875
}
					
{
	time: 1544372761367
	latitude: 55.3963505
	longitude: 10.3939282
	altitude: 47.3050537109375
}
					
{
	time: 1544372762365
	latitude: 55.3963465
	longitude: 10.3939031
	altitude: 47.83929443359375
}
					
{
	time: 1544372763365
	latitude: 55.3963426
	longitude: 10.3938813
	altitude: 48.2685546875
}
					
{
	time: 1544372764366
	latitude: 55.3963427
	longitude: 10.3938658
	altitude: 49.04217529296875
}
					
{
	time: 1544372765367
	latitude: 55.3963377
	longitude: 10.3938444
	altitude: 49.121337890625
}
					
{
	time: 1544372766368
	latitude: 55.3963367
	longitude: 10.3938278
	altitude: 49.11181640625
}
					
{
	time: 1544372767363
	latitude: 55.3963317
	longitude: 10.3938033
	altitude: 48.96923828125
}
					
{
	time: 1544372768366
	latitude: 55.3963272
	longitude: 10.3937809
	altitude: 49.5294189453125
}
					
{
	time: 1544372769365
	latitude: 55.3963293
	longitude: 10.3937615
	altitude: 49.52215576171875
}
					
{
	time: 1544372770366
	latitude: 55.3963312
	longitude: 10.3937403
	altitude: 49.9622802734375
}
					
{
	time: 1544372771368
	latitude: 55.3963273
	longitude: 10.3937144
	altitude: 50.09356689453125
}
					
{
	time: 1544372772365
	latitude: 55.3963273
	longitude: 10.3936954
	altitude: 50.2398681640625
}
					
{
	time: 1544372773367
	latitude: 55.3963248
	longitude: 10.393677
	altitude: 50.88751220703125
}
					
{
	time: 1544372774371
	latitude: 55.3963224
	longitude: 10.393655
	altitude: 49.60894775390625
}
					
{
	time: 1544372775368
	latitude: 55.3963158
	longitude: 10.3936283
	altitude: 51.42694091796875
}
					
{
	time: 1544372776364
	latitude: 55.3963126
	longitude: 10.3936109
	altitude: 51.34210205078125
}
					
{
	time: 1544372777371
	latitude: 55.3963065
	longitude: 10.3935841
	altitude: 51.28875732421875
}
					
{
	time: 1544372778364
	latitude: 55.3962994
	longitude: 10.3935599
	altitude: 52.06597900390625
}
					
{
	time: 1544372779365
	latitude: 55.396295
	longitude: 10.3935441
	altitude: 52.11505126953125
}
					
{
	time: 1544372780367
	latitude: 55.3962881
	longitude: 10.3935198
	altitude: 52.6510009765625
}
					
{
	time: 1544372781368
	latitude: 55.3962854
	longitude: 10.3935023
	altitude: 52.3773193359375
}
					
{
	time: 1544372782369
	latitude: 55.3962817
	longitude: 10.3934818
	altitude: 53.04229736328125
}
					
{
	time: 1544372783375
	latitude: 55.3962737
	longitude: 10.3934549
	altitude: 53.47796630859375
}
					
{
	time: 1544372784380
	latitude: 55.396268
	longitude: 10.3934372
	altitude: 53.82861328125
}
					
{
	time: 1544372785385
	latitude: 55.3962576
	longitude: 10.3934141
	altitude: 53.542724609375
}
					
{
	time: 1544372786385
	latitude: 55.396252
	longitude: 10.3933964
	altitude: 54.50885009765625
}
					
{
	time: 1544372787384
	latitude: 55.3962481
	longitude: 10.3933726
	altitude: 55.08349609375
}
					
{
	time: 1544372788377
	latitude: 55.3962411
	longitude: 10.3933455
	altitude: 54.70745849609375
}
					
{
	time: 1544372789375
	latitude: 55.3962395
	longitude: 10.3933258
	altitude: 54.75469970703125
}
					
{
	time: 1544372790376
	latitude: 55.3962337
	longitude: 10.3932994
	altitude: 54.54779052734375
}
					
{
	time: 1544372791382
	latitude: 55.3962291
	longitude: 10.3932755
	altitude: 54.8912353515625
}
					
{
	time: 1544372792381
	latitude: 55.3962245
	longitude: 10.3932537
	altitude: 54.66619873046875
}
					
{
	time: 1544372793387
	latitude: 55.3962261
	longitude: 10.3932443
	altitude: 54.06439208984375
}
					
{
	time: 1544372794384
	latitude: 55.3962198
	longitude: 10.3932178
	altitude: 53.84381103515625
}
					
{
	time: 1544372795384
	latitude: 55.3962153
	longitude: 10.3931907
	altitude: 53.8143310546875
}
					
{
	time: 1544372796383
	latitude: 55.3962145
	longitude: 10.3931707
	altitude: 53.4488525390625
}
					
{
	time: 1544372797380
	latitude: 55.3962081
	longitude: 10.3931438
	altitude: 53.93695068359375
}
					
{
	time: 1544372798389
	latitude: 55.3962064
	longitude: 10.3931232
	altitude: 53.63922119140625
}
					
{
	time: 1544372799384
	latitude: 55.3962007
	longitude: 10.3930942
	altitude: 53.71307373046875
}
					
{
	time: 1544372800385
	latitude: 55.3961999
	longitude: 10.3930802
	altitude: 54.308349609375
}
					
{
	time: 1544372801388
	latitude: 55.3961921
	longitude: 10.3930498
	altitude: 53.46868896484375
}
					
{
	time: 1544372802382
	latitude: 55.3961852
	longitude: 10.3930221
	altitude: 52.949951171875
}
					
{
	time: 1544372803382
	latitude: 55.3961827
	longitude: 10.3930018
	altitude: 53.0008544921875
}
					
{
	time: 1544372804387
	latitude: 55.3961775
	longitude: 10.3929736
	altitude: 51.93701171875
}
					
{
	time: 1544372805392
	latitude: 55.3961735
	longitude: 10.3929469
	altitude: 51.36322021484375
}
					
{
	time: 1544372806384
	latitude: 55.396173
	longitude: 10.3929284
	altitude: 51.375
}
					
{
	time: 1544372807385
	latitude: 55.3961708
	longitude: 10.39291
	altitude: 50.8118896484375
}
					
{
	time: 1544372808383
	latitude: 55.3961678
	longitude: 10.3928817
	altitude: 50.73992919921875
}
					
{
	time: 1544372809374
	latitude: 55.3961624
	longitude: 10.3928592
	altitude: 50.0943603515625
}
					
{
	time: 1544372810380
	latitude: 55.3961615
	longitude: 10.3928427
	altitude: 49.81781005859375
}
					
{
	time: 1544372811384
	latitude: 55.3961611
	longitude: 10.3928243
	altitude: 50.65264892578125
}
					
{
	time: 1544372812385
	latitude: 55.3961549
	longitude: 10.3928023
	altitude: 50.55389404296875
}
					
{
	time: 1544372813380
	latitude: 55.396149
	longitude: 10.3927813
	altitude: 51.28045654296875
}
					
{
	time: 1544372814390
	latitude: 55.3961531
	longitude: 10.3927693
	altitude: 51.4075927734375
}
					
{
	time: 1544372815395
	latitude: 55.3961467
	longitude: 10.3927476
	altitude: 50.78521728515625
}
					
{
	time: 1544372816383
	latitude: 55.3961429
	longitude: 10.392731
	altitude: 51.01300048828125
}
					
{
	time: 1544372817383
	latitude: 55.3961343
	longitude: 10.3927089
	altitude: 51.56317138671875
}
					
{
	time: 1544372818386
	latitude: 55.3961261
	longitude: 10.3926881
	altitude: 50.812255859375
}
					
{
	time: 1544372819387
	latitude: 55.3961183
	longitude: 10.3926673
	altitude: 50.5255126953125
}
					
{
	time: 1544372820382
	latitude: 55.3961141
	longitude: 10.3926534
	altitude: 49.95166015625
}
					
{
	time: 1544372821380
	latitude: 55.3961055
	longitude: 10.3926317
	altitude: 49.31072998046875
}
					
{
	time: 1544372822386
	latitude: 55.3960971
	longitude: 10.3926125
	altitude: 48.90338134765625
}
					
{
	time: 1544372823386
	latitude: 55.3960932
	longitude: 10.392599
	altitude: 48.721435546875
}
					
{
	time: 1544372824383
	latitude: 55.3960849
	longitude: 10.3925792
	altitude: 48.73089599609375
}
					
{
	time: 1544372825384
	latitude: 55.396076
	longitude: 10.3925634
	altitude: 48.6024169921875
}
					
{
	time: 1544372826390
	latitude: 55.3960683
	longitude: 10.3925465
	altitude: 48.644287109375
}
					
{
	time: 1544372827391
	latitude: 55.3960649
	longitude: 10.3925366
	altitude: 49.08984375
}
					
{
	time: 1544372828392
	latitude: 55.3960555
	longitude: 10.3925233
	altitude: 49.15728759765625
}
					
{
	time: 1544372829386
	latitude: 55.3960514
	longitude: 10.3925133
	altitude: 49.089111328125
}
					
{
	time: 1544372830386
	latitude: 55.3960418
	longitude: 10.3924986
	altitude: 49.30767822265625
}
					
{
	time: 1544372831385
	latitude: 55.3960325
	longitude: 10.3924849
	altitude: 49.72247314453125
}
					
{
	time: 1544372832385
	latitude: 55.3960282
	longitude: 10.3924736
	altitude: 49.53045654296875
}
					
{
	time: 1544372833382
	latitude: 55.3960269
	longitude: 10.3924635
	altitude: 49.17010498046875
}
					
{
	time: 1544372834389
	latitude: 55.3960149
	longitude: 10.3924455
	altitude: 49.2244873046875
}
					
{
	time: 1544372835391
	latitude: 55.3960051
	longitude: 10.3924283
	altitude: 49.80230712890625
}
					
{
	time: 1544372836384
	latitude: 55.3960015
	longitude: 10.3924134
	altitude: 49.7801513671875
}
					
{
	time: 1544372837374
	latitude: 55.3959978
	longitude: 10.3924012
	altitude: 49.35772705078125
}
					
{
	time: 1544372838370
	latitude: 55.3959892
	longitude: 10.3923877
	altitude: 49.1939697265625
}
					
{
	time: 1544372839366
	latitude: 55.3959851
	longitude: 10.392379
	altitude: 48.94464111328125
}
					
{
	time: 1544372840367
	latitude: 55.3959751
	longitude: 10.3923652
	altitude: 48.455810546875
}
					
{
	time: 1544372841371
	latitude: 55.395965
	longitude: 10.3923525
	altitude: 48.712646484375
}
					
{
	time: 1544372842370
	latitude: 55.3959585
	longitude: 10.3923432
	altitude: 48.09442138671875
}
					
{
	time: 1544372843363
	latitude: 55.3959455
	longitude: 10.3923331
	altitude: 48.55047607421875
}
					
{
	time: 1544372844369
	latitude: 55.3959337
	longitude: 10.3923203
	altitude: 48.6697998046875
}
					
{
	time: 1544372845370
	latitude: 55.3959268
	longitude: 10.3923088
	altitude: 48.6044921875
}
					
{
	time: 1544372846366
	latitude: 55.3959183
	longitude: 10.3922984
	altitude: 48.692138671875
}
					
{
	time: 1544372847370
	latitude: 55.3959038
	longitude: 10.39229
	altitude: 48.66845703125
}
					
{
	time: 1544372848369
	latitude: 55.3958898
	longitude: 10.3922827
	altitude: 48.4556884765625
}
					
{
	time: 1544372849364
	latitude: 55.3958806
	longitude: 10.3922732
	altitude: 49.19708251953125
}
					
{
	time: 1544372850369
	latitude: 55.3958655
	longitude: 10.3922675
	altitude: 48.78558349609375
}
					
{
	time: 1544372851366
	latitude: 55.3958512
	longitude: 10.3922615
	altitude: 48.17974853515625
}
					
{
	time: 1544372852368
	latitude: 55.3958373
	longitude: 10.3922543
	altitude: 47.6256103515625
}
					
{
	time: 1544372853369
	latitude: 55.3958295
	longitude: 10.3922464
	altitude: 46.4320068359375
}
					
{
	time: 1544372854379
	latitude: 55.3958195
	longitude: 10.3922324
	altitude: 46.8050537109375
}
					
{
	time: 1544372855388
	latitude: 55.3958036
	longitude: 10.3922255
	altitude: 46.967041015625
}
					
{
	time: 1544372856390
	latitude: 55.3957933
	longitude: 10.3922161
	altitude: 46.428466796875
}
					
{
	time: 1544372857383
	latitude: 55.3957827
	longitude: 10.3922094
	altitude: 46.5439453125
}
					
{
	time: 1544372858385
	latitude: 55.3957716
	longitude: 10.3922028
	altitude: 45.85211181640625
}
					
{
	time: 1544372859385
	latitude: 55.3957609
	longitude: 10.3921993
	altitude: 45.44561767578125
}
					
{
	time: 1544372860386
	latitude: 55.3957513
	longitude: 10.3922017
	altitude: 45.0462646484375
}
					
{
	time: 1544372861384
	latitude: 55.3957351
	longitude: 10.3922052
	altitude: 43.84259033203125
}
					
{
	time: 1544372862387
	latitude: 55.3957253
	longitude: 10.3922003
	altitude: 44.724609375
}
					
{
	time: 1544372863385
	latitude: 55.395711
	longitude: 10.3922004
	altitude: 44.34234619140625
}
					
{
	time: 1544372864383
	latitude: 55.3956971
	longitude: 10.3921954
	altitude: 43.83636474609375
}
					
{
	time: 1544372865382
	latitude: 55.3956844
	longitude: 10.3921885
	altitude: 43.462158203125
}
					
{
	time: 1544372866381
	latitude: 55.3956725
	longitude: 10.3921829
	altitude: 43.53546142578125
}
					
{
	time: 1544372867386
	latitude: 55.3956658
	longitude: 10.3921747
	altitude: 43.015625
}
					
{
	time: 1544372868384
	latitude: 55.3956533
	longitude: 10.3921636
	altitude: 43.88104248046875
}
					
{
	time: 1544372869383
	latitude: 55.3956418
	longitude: 10.3921547
	altitude: 44.2296142578125
}
					
{
	time: 1544372870382
	latitude: 55.3956361
	longitude: 10.3921432
	altitude: 45.0711669921875
}
					
{
	time: 1544372871383
	latitude: 55.3956293
	longitude: 10.3921347
	altitude: 45.53558349609375
}
					
{
	time: 1544372872382
	latitude: 55.3956179
	longitude: 10.3921185
	altitude: 45.60443115234375
}
					
{
	time: 1544372873385
	latitude: 55.395612
	longitude: 10.3921061
	altitude: 46.7596435546875
}
					
{
	time: 1544372874383
	latitude: 55.395605
	longitude: 10.3920965
	altitude: 46.8704833984375
}
					
{
	time: 1544372875381
	latitude: 55.3955986
	longitude: 10.3920843
	altitude: 46.7122802734375
}
					
{
	time: 1544372876383
	latitude: 55.3955866
	longitude: 10.3920716
	altitude: 46.9437255859375
}
					
{
	time: 1544372877381
	latitude: 55.3955809
	longitude: 10.3920627
	altitude: 46.72174072265625
}
					
{
	time: 1544372878379
	latitude: 55.3955759
	longitude: 10.3920521
	altitude: 46.49224853515625
}
					
{
	time: 1544372879381
	latitude: 55.3955638
	longitude: 10.3920387
	altitude: 46.205322265625
}
					
{
	time: 1544372880381
	latitude: 55.3955518
	longitude: 10.3920267
	altitude: 46.71710205078125
}
					
{
	time: 1544372881379
	latitude: 55.3955501
	longitude: 10.3920232
	altitude: 45.51910400390625
}
					
{
	time: 1544372882377
	latitude: 55.3955407
	longitude: 10.3920117
	altitude: 46.36627197265625
}
					
{
	time: 1544372883379
	latitude: 55.3955304
	longitude: 10.3920016
	altitude: 46.21435546875
}
					
{
	time: 1544372884378
	latitude: 55.3955196
	longitude: 10.3919922
	altitude: 46.13079833984375
}
					
{
	time: 1544372885382
	latitude: 55.3955075
	longitude: 10.3919826
	altitude: 46.08843994140625
}
					
{
	time: 1544372886380
	latitude: 55.3954935
	longitude: 10.3919735
	altitude: 44.5504150390625
}
					
{
	time: 1544372887382
	latitude: 55.3954732
	longitude: 10.391959
	altitude: 44.09783935546875
}
					
{
	time: 1544372888380
	latitude: 55.3954552
	longitude: 10.391952
	altitude: 44.1015625
}
					
{
	time: 1544372889374
	latitude: 55.3954335
	longitude: 10.3919324
	altitude: 43.64447021484375
}
					
{
	time: 1544372890381
	latitude: 55.3954151
	longitude: 10.391909
	altitude: 42.89776611328125
}
					
{
	time: 1544372891373
	latitude: 55.3954039
	longitude: 10.3918826
	altitude: 44.6376953125
}
					
{
	time: 1544372892369
	latitude: 55.3953966
	longitude: 10.3918447
	altitude: 45.2613525390625
}
					
{
	time: 1544372893366
	latitude: 55.3953933
	longitude: 10.3918206
	altitude: 47.95220947265625
}
					
{
	time: 1544372894367
	latitude: 55.3953935
	longitude: 10.3917796
	altitude: 46.89453125
}
					
{
	time: 1544372895364
	latitude: 55.3953973
	longitude: 10.3917592
	altitude: 47.6915283203125
}
					
{
	time: 1544372896367
	latitude: 55.3953978
	longitude: 10.3917255
	altitude: 47.3284912109375
}
					
{
	time: 1544372897366
	latitude: 55.3954017
	longitude: 10.3917073
	altitude: 46.7655029296875
}
					
{
	time: 1544372898366
	latitude: 55.3954051
	longitude: 10.3916878
	altitude: 46.50213623046875
}
					
{
	time: 1544372899377
	latitude: 55.3954075
	longitude: 10.3916525
	altitude: 47.66827392578125
}
					
{
	time: 1544372900381
	latitude: 55.3954125
	longitude: 10.3916333
	altitude: 48.44415283203125
}
					
{
	time: 1544372901385
	latitude: 55.3954176
	longitude: 10.3916048
	altitude: 49.16229248046875
}
					
{
	time: 1544372902380
	latitude: 55.3954211
	longitude: 10.3915814
	altitude: 49.123779296875
}
					
{
	time: 1544372903382
	latitude: 55.3954243
	longitude: 10.3915554
	altitude: 48.8621826171875
}
					
{
	time: 1544372904384
	latitude: 55.3954261
	longitude: 10.3915234
	altitude: 49.17529296875
}
					
{
	time: 1544372905384
	latitude: 55.3954246
	longitude: 10.3914863
	altitude: 48.82708740234375
}
					
{
	time: 1544372906385
	latitude: 55.395424
	longitude: 10.3914532
	altitude: 49.2288818359375
}
					
{
	time: 1544372907383
	latitude: 55.3954219
	longitude: 10.3914235
	altitude: 50.1092529296875
}
					
{
	time: 1544372908383
	latitude: 55.3954219
	longitude: 10.3914104
	altitude: 50.29498291015625
}
					
{
	time: 1544372909384
	latitude: 55.3954177
	longitude: 10.3913795
	altitude: 50.27398681640625
}
					
{
	time: 1544372910381
	latitude: 55.3954153
	longitude: 10.3913566
	altitude: 51.34912109375
}
					
{
	time: 1544372911379
	latitude: 55.3954129
	longitude: 10.3913332
	altitude: 50.66802978515625
}
					
{
	time: 1544372912383
	latitude: 55.3954094
	longitude: 10.3913026
	altitude: 50.3504638671875
}
					
{
	time: 1544372913385
	latitude: 55.3954051
	longitude: 10.3912765
	altitude: 50.3558349609375
}
					
{
	time: 1544372914381
	latitude: 55.3954042
	longitude: 10.3912592
	altitude: 49.96282958984375
}
					
{
	time: 1544372915383
	latitude: 55.3954053
	longitude: 10.3912478
	altitude: 50.42181396484375
}
					
{
	time: 1544372916381
	latitude: 55.3953998
	longitude: 10.3912214
	altitude: 51.01361083984375
}
					
{
	time: 1544372917383
	latitude: 55.3953958
	longitude: 10.3911967
	altitude: 51.24676513671875
}
					
{
	time: 1544372918375
	latitude: 55.3953951
	longitude: 10.3911801
	altitude: 51.3692626953125
}
					
{
	time: 1544372919364
	latitude: 55.3953896
	longitude: 10.3911568
	altitude: 50.58453369140625
}
					
{
	time: 1544372920367
	latitude: 55.3953857
	longitude: 10.3911339
	altitude: 51.8468017578125
}
					
{
	time: 1544372921365
	latitude: 55.3953868
	longitude: 10.3911179
	altitude: 51.86968994140625
}
					
{
	time: 1544372922365
	latitude: 55.3953895
	longitude: 10.3911062
	altitude: 51.7708740234375
}
					
{
	time: 1544372923370
	latitude: 55.3953852
	longitude: 10.3910793
	altitude: 51.05438232421875
}
					
{
	time: 1544372924366
	latitude: 55.3953799
	longitude: 10.3910577
	altitude: 50.73236083984375
}
					
{
	time: 1544372925365
	latitude: 55.3953797
	longitude: 10.3910417
	altitude: 50.52178955078125
}
					
{
	time: 1544372926364
	latitude: 55.3953772
	longitude: 10.3910254
	altitude: 50.15045166015625
}
					
{
	time: 1544372927364
	latitude: 55.3953729
	longitude: 10.3910095
	altitude: 50.59521484375
}
					
{
	time: 1544372928372
	latitude: 55.3953654
	longitude: 10.3909853
	altitude: 50.58544921875
}
					
{
	time: 1544372929362
	latitude: 55.3953615
	longitude: 10.3909693
	altitude: 50.46038818359375
}
					
{
	time: 1544372930365
	latitude: 55.395355
	longitude: 10.3909456
	altitude: 50.5040283203125
}
					
{
	time: 1544372931365
	latitude: 55.3953537
	longitude: 10.3909288
	altitude: 50.91461181640625
}
					
{
	time: 1544372932367
	latitude: 55.3953501
	longitude: 10.3909132
	altitude: 51.16632080078125
}
					
{
	time: 1544372933376
	latitude: 55.3953477
	longitude: 10.3908899
	altitude: 51.12939453125
}
					
{
	time: 1544372934380
	latitude: 55.3953393
	longitude: 10.3908667
	altitude: 51.4510498046875
}
					
{
	time: 1544372935381
	latitude: 55.3953332
	longitude: 10.3908405
	altitude: 52.9429931640625
}
					
{
	time: 1544372936379
	latitude: 55.3953357
	longitude: 10.3908255
	altitude: 52.31317138671875
}
					
{
	time: 1544372937377
	latitude: 55.3953342
	longitude: 10.3907986
	altitude: 51.67779541015625
}
					
{
	time: 1544372938383
	latitude: 55.3953299
	longitude: 10.390776
	altitude: 52.91241455078125
}
					
{
	time: 1544372939380
	latitude: 55.3953206
	longitude: 10.390751
	altitude: 52.4779052734375
}
					
{
	time: 1544372940383
	latitude: 55.3953143
	longitude: 10.3907254
	altitude: 52.46405029296875
}
					
{
	time: 1544372941384
	latitude: 55.3953075
	longitude: 10.3907041
	altitude: 52.2864990234375
}
					
{
	time: 1544372942379
	latitude: 55.3953048
	longitude: 10.39069
	altitude: 51.85223388671875
}
					
{
	time: 1544372943379
	latitude: 55.3953029
	longitude: 10.3906722
	altitude: 52.0626220703125
}
					
{
	time: 1544372944383
	latitude: 55.3953013
	longitude: 10.3906542
	altitude: 52.69866943359375
}
					
{
	time: 1544372945388
	latitude: 55.3952952
	longitude: 10.3906308
	altitude: 53.74041748046875
}
					
{
	time: 1544372946383
	latitude: 55.3952898
	longitude: 10.3906088
	altitude: 53.79400634765625
}
					
{
	time: 1544372947377
	latitude: 55.3952878
	longitude: 10.390593
	altitude: 52.38861083984375
}
					
{
	time: 1544372948368
	latitude: 55.3952838
	longitude: 10.3905803
	altitude: 52.76824951171875
}
					
{
	time: 1544372949367
	latitude: 55.3952763
	longitude: 10.3905599
	altitude: 52.50323486328125
}
					
{
	time: 1544372950370
	latitude: 55.3952735
	longitude: 10.3905451
	altitude: 52.2987060546875
}
					
{
	time: 1544372951368
	latitude: 55.3952671
	longitude: 10.3905237
	altitude: 53.318603515625
}
					
{
	time: 1544372952365
	latitude: 55.3952654
	longitude: 10.3905079
	altitude: 53.78173828125
}
					
{
	time: 1544372953365
	latitude: 55.395258
	longitude: 10.3904876
	altitude: 53.97283935546875
}
					
{
	time: 1544372954367
	latitude: 55.3952585
	longitude: 10.3904674
	altitude: 53.45562744140625
}
					
{
	time: 1544372955365
	latitude: 55.3952607
	longitude: 10.3904539
	altitude: 53.54998779296875
}
					
{
	time: 1544372956372
	latitude: 55.3952576
	longitude: 10.3904324
	altitude: 54.173828125
}
					
{
	time: 1544372957377
	latitude: 55.3952531
	longitude: 10.390414
	altitude: 55.113037109375
}
					
{
	time: 1544372958386
	latitude: 55.3952446
	longitude: 10.3903924
	altitude: 55.244384765625
}
					
{
	time: 1544372959370
	latitude: 55.3952381
	longitude: 10.3903699
	altitude: 56.149658203125
}
					
{
	time: 1544372960367
	latitude: 55.3952331
	longitude: 10.3903466
	altitude: 55.80206298828125
}
					
{
	time: 1544372961372
	latitude: 55.3952322
	longitude: 10.3903386
	altitude: 55.6925048828125
}
					
{
	time: 1544372962375
	latitude: 55.3952253
	longitude: 10.3903201
	altitude: 55.97027587890625
}
					
{
	time: 1544372963371
	latitude: 55.3952186
	longitude: 10.390301
	altitude: 56.3912353515625
}
					
{
	time: 1544372964369
	latitude: 55.3952099
	longitude: 10.3902821
	altitude: 56.321044921875
}
					
{
	time: 1544372965374
	latitude: 55.3952013
	longitude: 10.3902606
	altitude: 57.21539306640625
}
					
{
	time: 1544372966365
	latitude: 55.3951911
	longitude: 10.3902338
	altitude: 57.39398193359375
}
					
{
	time: 1544372967373
	latitude: 55.3951841
	longitude: 10.3902155
	altitude: 56.7994384765625
}
					
{
	time: 1544372968370
	latitude: 55.3951787
	longitude: 10.3902012
	altitude: 56.54766845703125
}
					
{
	time: 1544372969371
	latitude: 55.3951669
	longitude: 10.390173
	altitude: 57.20477294921875
}
					
{
	time: 1544372970373
	latitude: 55.395156
	longitude: 10.3901474
	altitude: 56.550537109375
}
					
{
	time: 1544372971374
	latitude: 55.3951497
	longitude: 10.3901294
	altitude: 56.68450927734375
}
					
{
	time: 1544372972365
	latitude: 55.3951403
	longitude: 10.3901053
	altitude: 55.92486572265625
}
					
{
	time: 1544372973376
	latitude: 55.3951344
	longitude: 10.3900912
	altitude: 55.680908203125
}
					
{
	time: 1544372974374
	latitude: 55.3951279
	longitude: 10.3900769
	altitude: 55.71856689453125
}
					
{
	time: 1544372975365
	latitude: 55.3951195
	longitude: 10.390053
	altitude: 55.2930908203125
}
					
{
	time: 1544372976367
	latitude: 55.3951164
	longitude: 10.3900362
	altitude: 55.74761962890625
}
					
{
	time: 1544372977369
	latitude: 55.3951088
	longitude: 10.3900142
	altitude: 55.36663818359375
}
					
{
	time: 1544372978367
	latitude: 55.3951064
	longitude: 10.3899985
	altitude: 54.43475341796875
}
					
{
	time: 1544372979373
	latitude: 55.3951027
	longitude: 10.3899839
	altitude: 53.66851806640625
}
					
{
	time: 1544372980367
	latitude: 55.3951002
	longitude: 10.3899658
	altitude: 52.81231689453125
}
					
{
	time: 1544372981367
	latitude: 55.3950928
	longitude: 10.3899461
	altitude: 52.72100830078125
}
					
{
	time: 1544372982366
	latitude: 55.3950896
	longitude: 10.389932
	altitude: 52.877685546875
}
					
{
	time: 1544372983371
	latitude: 55.395085
	longitude: 10.3899178
	altitude: 52.325927734375
}
					
{
	time: 1544372984373
	latitude: 55.3950767
	longitude: 10.389911
	altitude: 52.4395751953125
}
					
{
	time: 1544372985374
	latitude: 55.3950747
	longitude: 10.3899065
	altitude: 52.203125
}
					
{
	time: 1544372986373
	latitude: 55.3950754
	longitude: 10.3899008
	altitude: 51.84716796875
}
					
{
	time: 1544372987373
	latitude: 55.3950629
	longitude: 10.3898954
	altitude: 51.46575927734375
}
					
{
	time: 1544372988366
	latitude: 55.3950556
	longitude: 10.3898879
	altitude: 50.70306396484375
}
					
{
	time: 1544372989381
	latitude: 55.395047
	longitude: 10.3898803
	altitude: 51.40618896484375
}
					
{
	time: 1544372990372
	latitude: 55.3950333
	longitude: 10.389873
	altitude: 51.47735595703125
}
					
{
	time: 1544372991374
	latitude: 55.395026
	longitude: 10.3898647
	altitude: 51.13299560546875
}
					
{
	time: 1544372992373
	latitude: 55.3950182
	longitude: 10.3898567
	altitude: 50.13922119140625
}
					
{
	time: 1544372993372
	latitude: 55.3950129
	longitude: 10.3898549
	altitude: 52.45709228515625
}
					
{
	time: 1544372994367
	latitude: 55.3950019
	longitude: 10.3898509
	altitude: 51.6435546875
}
					
{
	time: 1544372995376
	latitude: 55.3949961
	longitude: 10.3898412
	altitude: 50.382568359375
}
					
{
	time: 1544372996375
	latitude: 55.3949896
	longitude: 10.3898315
	altitude: 47.98712158203125
}
					
{
	time: 1544372997372
	latitude: 55.3949833
	longitude: 10.3898241
	altitude: 47.57879638671875
}
					
{
	time: 1544372998375
	latitude: 55.3949769
	longitude: 10.3898166
	altitude: 47.513427734375
}
					
{
	time: 1544372999373
	latitude: 55.3949651
	longitude: 10.3898111
	altitude: 47.828125
}
					
{
	time: 1544373000372
	latitude: 55.3949539
	longitude: 10.389808
	altitude: 47.5086669921875
}
					
{
	time: 1544373001373
	latitude: 55.3949506
	longitude: 10.3897989
	altitude: 46.5950927734375
}
					
{
	time: 1544373002373
	latitude: 55.3949394
	longitude: 10.3897899
	altitude: 45.80072021484375
}
					
{
	time: 1544373003367
	latitude: 55.394928
	longitude: 10.3897799
	altitude: 45.45068359375
}
					
{
	time: 1544373004369
	latitude: 55.3949165
	longitude: 10.3897727
	altitude: 45.02606201171875
}
					
{
	time: 1544373005372
	latitude: 55.3949052
	longitude: 10.3897633
	altitude: 45.41668701171875
}
					
{
	time: 1544373006367
	latitude: 55.394894
	longitude: 10.3897563
	altitude: 45.252197265625
}
					
{
	time: 1544373007366
	latitude: 55.3948822
	longitude: 10.3897496
	altitude: 45.72845458984375
}
					
{
	time: 1544373008376
	latitude: 55.3948689
	longitude: 10.389734
	altitude: 45.4888916015625
}
					
{
	time: 1544373009380
	latitude: 55.3948556
	longitude: 10.3897168
	altitude: 45.02020263671875
}
					
{
	time: 1544373010380
	latitude: 55.3948417
	longitude: 10.3897029
	altitude: 46.7930908203125
}
					
{
	time: 1544373011379
	latitude: 55.3948277
	longitude: 10.3896908
	altitude: 46.79296875
}
					
{
	time: 1544373012387
	latitude: 55.394809
	longitude: 10.3896813
	altitude: 45.8238525390625
}
					
{
	time: 1544373013377
	latitude: 55.3947957
	longitude: 10.3896706
	altitude: 46.08294677734375
}
					
{
	time: 1544373014378
	latitude: 55.3947818
	longitude: 10.3896608
	altitude: 46.24176025390625
}
					
{
	time: 1544373015383
	latitude: 55.3947704
	longitude: 10.3896481
	altitude: 46.1290283203125
}
					
{
	time: 1544373016379
	latitude: 55.394749
	longitude: 10.3896381
	altitude: 45.82080078125
}
					
{
	time: 1544373017381
	latitude: 55.3947336
	longitude: 10.3896254
	altitude: 46.1380615234375
}
					
{
	time: 1544373018379
	latitude: 55.3947184
	longitude: 10.3896143
	altitude: 46.44482421875
}
					
{
	time: 1544373019383
	latitude: 55.3947036
	longitude: 10.3896063
	altitude: 46.3719482421875
}
					
{
	time: 1544373020387
	latitude: 55.3946894
	longitude: 10.3895976
	altitude: 45.5970458984375
}
					
{
	time: 1544373021386
	latitude: 55.3946758
	longitude: 10.3895887
	altitude: 45.87054443359375
}
					
{
	time: 1544373022384
	latitude: 55.3946667
	longitude: 10.3895789
	altitude: 45.4827880859375
}
					
{
	time: 1544373023397
	latitude: 55.3946477
	longitude: 10.3895714
	altitude: 45.74334716796875
}
					
{
	time: 1544373024394
	latitude: 55.3946323
	longitude: 10.3895632
	altitude: 45.792236328125
}
					
{
	time: 1544373025382
	latitude: 55.3946228
	longitude: 10.3895553
	altitude: 45.99835205078125
}
					
{
	time: 1544373026387
	latitude: 55.3946124
	longitude: 10.3895468
	altitude: 45.46490478515625
}
					
{
	time: 1544373027387
	latitude: 55.3946017
	longitude: 10.3895392
	altitude: 45.3150634765625
}
					
{
	time: 1544373028382
	latitude: 55.3945862
	longitude: 10.3895352
	altitude: 46.26483154296875
}
					
{
	time: 1544373029382
	latitude: 55.3945762
	longitude: 10.3895264
	altitude: 47.11407470703125
}
					
{
	time: 1544373030392
	latitude: 55.394566
	longitude: 10.3895186
	altitude: 47.66632080078125
}
					
{
	time: 1544373031395
	latitude: 55.3945531
	longitude: 10.3895051
	altitude: 47.94110107421875
}
					
{
	time: 1544373032381
	latitude: 55.3945401
	longitude: 10.3894916
	altitude: 48.07989501953125
}
					
{
	time: 1544373033382
	latitude: 55.394523
	longitude: 10.3894823
	altitude: 46.9017333984375
}
					
{
	time: 1544373034390
	latitude: 55.3945067
	longitude: 10.3894721
	altitude: 46.623291015625
}
					
{
	time: 1544373035385
	latitude: 55.3944913
	longitude: 10.3894638
	altitude: 46.59564208984375
}
					
{
	time: 1544373036383
	latitude: 55.3944815
	longitude: 10.3894549
	altitude: 46.83489990234375
}
					
{
	time: 1544373037390
	latitude: 55.3944665
	longitude: 10.3894494
	altitude: 47.40576171875
}
					
{
	time: 1544373038386
	latitude: 55.3944524
	longitude: 10.3894408
	altitude: 47.5291748046875
}
					
{
	time: 1544373039383
	latitude: 55.3944435
	longitude: 10.389429
	altitude: 47.8961181640625
}
					
{
	time: 1544373040388
	latitude: 55.3944294
	longitude: 10.3894208
	altitude: 48.75823974609375
}
					
{
	time: 1544373041388
	latitude: 55.394421
	longitude: 10.3894117
	altitude: 48.10028076171875
}
					
{
	time: 1544373042396
	latitude: 55.394412
	longitude: 10.3894032
	altitude: 48.6527099609375
}
					
{
	time: 1544373043387
	latitude: 55.3943998
	longitude: 10.3893975
	altitude: 49.83905029296875
}
					
{
	time: 1544373044389
	latitude: 55.3943896
	longitude: 10.3893919
	altitude: 50.38623046875
}
					
{
	time: 1544373045383
	latitude: 55.3943847
	longitude: 10.389386
	altitude: 49.283203125
}
					
{
	time: 1544373046387
	latitude: 55.3943745
	longitude: 10.3893859
	altitude: 49.0926513671875
}
					
{
	time: 1544373047395
	latitude: 55.3943635
	longitude: 10.3893834
	altitude: 49.6204833984375
}
					
{
	time: 1544373048390
	latitude: 55.3943553
	longitude: 10.3893741
	altitude: 50.2939453125
}
					
{
	time: 1544373049382
	latitude: 55.3943494
	longitude: 10.3893612
	altitude: 50.57940673828125
}
					
{
	time: 1544373050383
	latitude: 55.3943339
	longitude: 10.3893624
	altitude: 50.416259765625
}
					
{
	time: 1544373051383
	latitude: 55.394319
	longitude: 10.3893617
	altitude: 50.70556640625
}
					
{
	time: 1544373052393
	latitude: 55.3943067
	longitude: 10.3893485
	altitude: 50.80413818359375
}
					
{
	time: 1544373053391
	latitude: 55.3942954
	longitude: 10.3893431
	altitude: 50.07696533203125
}
					
{
	time: 1544373054388
	latitude: 55.3942787
	longitude: 10.3893408
	altitude: 49.893310546875
}
					
{
	time: 1544373055384
	latitude: 55.3942628
	longitude: 10.3893357
	altitude: 49.819580078125
}
					
{
	time: 1544373056390
	latitude: 55.3942538
	longitude: 10.3893274
	altitude: 49.43914794921875
}
					
{
	time: 1544373057399
	latitude: 55.394241
	longitude: 10.3893254
	altitude: 49.55474853515625
}
					
{
	time: 1544373058387
	latitude: 55.3942315
	longitude: 10.3893145
	altitude: 49.7275390625
}
					
{
	time: 1544373059389
	latitude: 55.394217
	longitude: 10.3893105
	altitude: 49.778076171875
}
					
{
	time: 1544373060387
	latitude: 55.3942033
	longitude: 10.3893056
	altitude: 49.4520263671875
}
					
{
	time: 1544373061378
	latitude: 55.3941941
	longitude: 10.3892889
	altitude: 49.82080078125
}
					
{
	time: 1544373062381
	latitude: 55.3941856
	longitude: 10.3892734
	altitude: 49.69677734375
}
					
{
	time: 1544373063382
	latitude: 55.3941722
	longitude: 10.3892557
	altitude: 50.0220947265625
}
					
{
	time: 1544373064382
	latitude: 55.394162
	longitude: 10.3892304
	altitude: 49.30108642578125
}
					
{
	time: 1544373065389
	latitude: 55.3941588
	longitude: 10.3892063
	altitude: 48.78411865234375
}
					
{
	time: 1544373066385
	latitude: 55.3941525
	longitude: 10.3891757
	altitude: 48.466796875
}
					
{
	time: 1544373067386
	latitude: 55.3941493
	longitude: 10.3891466
	altitude: 48.73699951171875
}
					
{
	time: 1544373068388
	latitude: 55.3941529
	longitude: 10.3891335
	altitude: 48.32354736328125
}
					
{
	time: 1544373069385
	latitude: 55.3941511
	longitude: 10.3891045
	altitude: 48.42547607421875
}
					
{
	time: 1544373070387
	latitude: 55.3941527
	longitude: 10.3890851
	altitude: 48.36505126953125
}
					
{
	time: 1544373071384
	latitude: 55.3941554
	longitude: 10.389065
	altitude: 49.4903564453125
}
					
{
	time: 1544373072388
	latitude: 55.3941568
	longitude: 10.3890463
	altitude: 51.14642333984375
}
					
{
	time: 1544373073391
	latitude: 55.3941636
	longitude: 10.3890304
	altitude: 51.49322509765625
}
					
{
	time: 1544373074385
	latitude: 55.3941633
	longitude: 10.3890109
	altitude: 50.69329833984375
}
					
{
	time: 1544373075391
	latitude: 55.3941652
	longitude: 10.3889893
	altitude: 50.59735107421875
}
					
{
	time: 1544373076383
	latitude: 55.3941666
	longitude: 10.3889693
	altitude: 50.386474609375
}
					
{
	time: 1544373077375
	latitude: 55.3941637
	longitude: 10.3889453
	altitude: 49.38165283203125
}
					
{
	time: 1544373078366
	latitude: 55.394166
	longitude: 10.3889372
	altitude: 50.75335693359375
}
					
{
	time: 1544373079367
	latitude: 55.3941655
	longitude: 10.3889233
	altitude: 50.822021484375
}
					
{
	time: 1544373080375
	latitude: 55.3941643
	longitude: 10.3889066
	altitude: 50.3970947265625
}
					
{
	time: 1544373081378
	latitude: 55.3941613
	longitude: 10.3888935
	altitude: 49.755126953125
}
					
{
	time: 1544373082376
	latitude: 55.3941591
	longitude: 10.3888821
	altitude: 49.2138671875
}
					
{
	time: 1544373083374
	latitude: 55.3941517
	longitude: 10.3888589
	altitude: 49.81536865234375
}
					
{
	time: 1544373084369
	latitude: 55.3941449
	longitude: 10.3888435
	altitude: 49.4990234375
}
					
{
	time: 1544373085374
	latitude: 55.3941427
	longitude: 10.3888249
	altitude: 50.3861083984375
}
					
{
	time: 1544373086367
	latitude: 55.3941375
	longitude: 10.3888006
	altitude: 49.76947021484375
}
					
{
	time: 1544373087379
	latitude: 55.3941293
	longitude: 10.3887738
	altitude: 50.50225830078125
}
					
{
	time: 1544373088377
	latitude: 55.3941286
	longitude: 10.3887591
	altitude: 50.28045654296875
}
					
{
	time: 1544373089371
	latitude: 55.3941266
	longitude: 10.3887471
	altitude: 49.8916015625
}
					
{
	time: 1544373090365
	latitude: 55.3941182
	longitude: 10.3887182
	altitude: 49.729736328125
}
					
{
	time: 1544373091365
	latitude: 55.3941141
	longitude: 10.3886994
	altitude: 49.330810546875
}
					
{
	time: 1544373092365
	latitude: 55.3941075
	longitude: 10.3886736
	altitude: 49.12884521484375
}
					
{
	time: 1544373093378
	latitude: 55.3941005
	longitude: 10.38865
	altitude: 50.397705078125
}
					
{
	time: 1544373094381
	latitude: 55.3940973
	longitude: 10.3886359
	altitude: 50.9276123046875
}
					
{
	time: 1544373095389
	latitude: 55.3940905
	longitude: 10.3886126
	altitude: 51.71923828125
}
					
{
	time: 1544373096384
	latitude: 55.3940869
	longitude: 10.3885989
	altitude: 52.311767578125
}
					
{
	time: 1544373097386
	latitude: 55.3940762
	longitude: 10.3885812
	altitude: 52.9368896484375
}
					
{
	time: 1544373098389
	latitude: 55.3940642
	longitude: 10.3885666
	altitude: 53.8646240234375
}
					
{
	time: 1544373099382
	latitude: 55.3940608
	longitude: 10.3885614
	altitude: 54.40399169921875
}
					
{
	time: 1544373100384
	latitude: 55.3940512
	longitude: 10.3885489
	altitude: 54.45794677734375
}
					
{
	time: 1544373101387
	latitude: 55.3940439
	longitude: 10.388533
	altitude: 54.57916259765625
}
					
{
	time: 1544373102380
	latitude: 55.3940335
	longitude: 10.3885099
	altitude: 54.6875
}
					
{
	time: 1544373103394
	latitude: 55.3940286
	longitude: 10.3884893
	altitude: 54.0135498046875
}
					
{
	time: 1544373104386
	latitude: 55.3940286
	longitude: 10.3884792
	altitude: 53.625
}
					
{
	time: 1544373105383
	latitude: 55.3940386
	longitude: 10.3884707
	altitude: 53.55462646484375
}
					
{
	time: 1544373106379
	latitude: 55.3940446
	longitude: 10.3884706
	altitude: 54.52923583984375
}
					
{
	time: 1544373107381
	latitude: 55.3940563
	longitude: 10.3884668
	altitude: 54.57977294921875
}
					
{
	time: 1544373108373
	latitude: 55.3940625
	longitude: 10.3884531
	altitude: 54.570556640625
}
					
{
	time: 1544373109368
	latitude: 55.3940644
	longitude: 10.3884458
	altitude: 54.7313232421875
}
					
{
	time: 1544373110374
	latitude: 55.3940773
	longitude: 10.3884421
	altitude: 55.26678466796875
}
					
{
	time: 1544373111370
	latitude: 55.3940847
	longitude: 10.3884399
	altitude: 55.07220458984375
}
					
{
	time: 1544373112370
	latitude: 55.3940928
	longitude: 10.3884403
	altitude: 54.49713134765625
}
					
{
	time: 1544373113368
	latitude: 55.3941052
	longitude: 10.3884403
	altitude: 54.0313720703125
}
					
{
	time: 1544373114372
	latitude: 55.3941165
	longitude: 10.3884548
	altitude: 54.8465576171875
}
					
{
	time: 1544373115369
	latitude: 55.3941253
	longitude: 10.3884541
	altitude: 54.2530517578125
}
					
{
	time: 1544373116368
	latitude: 55.3941359
	longitude: 10.3884503
	altitude: 53.71539306640625
}
					
{
	time: 1544373117376
	latitude: 55.3941528
	longitude: 10.3884457
	altitude: 53.90771484375
}
					
{
	time: 1544373118384
	latitude: 55.3941633
	longitude: 10.3884467
	altitude: 54.0108642578125
}
					
{
	time: 1544373119391
	latitude: 55.3941667
	longitude: 10.3884443
	altitude: 54.48272705078125
}
					
{
	time: 1544373120380
	latitude: 55.3941708
	longitude: 10.3884426
	altitude: 54.3192138671875
}
					
{
	time: 1544373121378
	latitude: 55.3941774
	longitude: 10.3884407
	altitude: 53.8345947265625
}
					
{
	time: 1544373122386
	latitude: 55.3941918
	longitude: 10.3884284
	altitude: 53.57440185546875
}
					
{
	time: 1544373123383
	latitude: 55.3941918
	longitude: 10.3884241
	altitude: 53.13250732421875
}
					
{
	time: 1544373124378
	latitude: 55.3941954
	longitude: 10.3884247
	altitude: 52.3968505859375
}
					
{
	time: 1544373125378
	latitude: 55.3942086
	longitude: 10.3884126
	altitude: 53.278564453125
}
					
{
	time: 1544373126375
	latitude: 55.3942189
	longitude: 10.388414
	altitude: 52.54327392578125
}
					
{
	time: 1544373127382
	latitude: 55.3942344
	longitude: 10.3884142
	altitude: 53.70782470703125
}
					
{
	time: 1544373128385
	latitude: 55.3942485
	longitude: 10.3884108
	altitude: 53.862548828125
}
					
{
	time: 1544373129385
	latitude: 55.3942539
	longitude: 10.3884145
	altitude: 54.05291748046875
}
					
{
	time: 1544373130385
	latitude: 55.394271
	longitude: 10.3884142
	altitude: 53.8792724609375
}
					
{
	time: 1544373131382
	latitude: 55.394282
	longitude: 10.3884156
	altitude: 53.4342041015625
}
					
{
	time: 1544373132380
	latitude: 55.3942961
	longitude: 10.3884124
	altitude: 53.11309814453125
}
					
{
	time: 1544373133386
	latitude: 55.3943089
	longitude: 10.38841
	altitude: 52.64794921875
}
					
{
	time: 1544373134389
	latitude: 55.3943165
	longitude: 10.3884103
	altitude: 51.8941650390625
}
					
{
	time: 1544373135382
	latitude: 55.3943303
	longitude: 10.388408
	altitude: 51.67242431640625
}
					
{
	time: 1544373136385
	latitude: 55.3943394
	longitude: 10.3884109
	altitude: 50.519287109375
}
					
{
	time: 1544373137385
	latitude: 55.3943494
	longitude: 10.3884143
	altitude: 50.382080078125
}
					
{
	time: 1544373138382
	latitude: 55.3943597
	longitude: 10.3884183
	altitude: 50.47021484375
}
					
{
	time: 1544373139381
	latitude: 55.3943754
	longitude: 10.3884194
	altitude: 50.2320556640625
}
					
{
	time: 1544373140381
	latitude: 55.3943849
	longitude: 10.3884181
	altitude: 49.67218017578125
}
					
{
	time: 1544373141381
	latitude: 55.3943961
	longitude: 10.3884191
	altitude: 49.58135986328125
}
					
{
	time: 1544373142383
	latitude: 55.3944073
	longitude: 10.3884194
	altitude: 50.26873779296875
}
					
{
	time: 1544373143380
	latitude: 55.3944215
	longitude: 10.3884154
	altitude: 49.9527587890625
}
					
{
	time: 1544373144383
	latitude: 55.3944343
	longitude: 10.3884172
	altitude: 49.80853271484375
}
					
{
	time: 1544373145393
	latitude: 55.3944473
	longitude: 10.3884202
	altitude: 50.11474609375
}
					
{
	time: 1544373146384
	latitude: 55.3944557
	longitude: 10.3884278
	altitude: 50.6121826171875
}
					
{
	time: 1544373147389
	latitude: 55.3944699
	longitude: 10.3884292
	altitude: 50.1619873046875
}
					
{
	time: 1544373148396
	latitude: 55.3944792
	longitude: 10.3884337
	altitude: 50.46527099609375
}
					
{
	time: 1544373149382
	latitude: 55.3944929
	longitude: 10.3884302
	altitude: 50.26605224609375
}
					
{
	time: 1544373150383
	latitude: 55.3945063
	longitude: 10.388428
	altitude: 50.55609130859375
}
					
{
	time: 1544373151383
	latitude: 55.3945153
	longitude: 10.3884304
	altitude: 50.340576171875
}
					
{
	time: 1544373152379
	latitude: 55.3945296
	longitude: 10.3884281
	altitude: 50.14495849609375
}
					
{
	time: 1544373153379
	latitude: 55.3945422
	longitude: 10.3884214
	altitude: 50.68408203125
}
					
{
	time: 1544373154380
	latitude: 55.3945507
	longitude: 10.3884211
	altitude: 50.73583984375
}
					
{
	time: 1544373155368
	latitude: 55.3945649
	longitude: 10.3884178
	altitude: 51.40435791015625
}
					
{
	time: 1544373156366
	latitude: 55.3945721
	longitude: 10.3884162
	altitude: 52.11529541015625
}
					
{
	time: 1544373157367
	latitude: 55.3945766
	longitude: 10.3884198
	altitude: 51.75665283203125
}
					
{
	time: 1544373158365
	latitude: 55.3945894
	longitude: 10.388409
	altitude: 51.613037109375
}
					
{
	time: 1544373159370
	latitude: 55.3945984
	longitude: 10.3884074
	altitude: 51.7803955078125
}
					
{
	time: 1544373160371
	latitude: 55.3946112
	longitude: 10.3883998
	altitude: 51.23785400390625
}
					
{
	time: 1544373161366
	latitude: 55.3946238
	longitude: 10.3883957
	altitude: 51.14971923828125
}
					
{
	time: 1544373162369
	latitude: 55.3946318
	longitude: 10.3883979
	altitude: 51.105712890625
}
					
{
	time: 1544373163368
	latitude: 55.3946438
	longitude: 10.3883927
	altitude: 51.28033447265625
}
					
{
	time: 1544373164368
	latitude: 55.39465
	longitude: 10.3884027
	altitude: 51.30584716796875
}
					
{
	time: 1544373165374
	latitude: 55.3946591
	longitude: 10.3884083
	altitude: 51.1180419921875
}
					
{
	time: 1544373166368
	latitude: 55.3946747
	longitude: 10.3883968
	altitude: 51.4677734375
}
					
{
	time: 1544373167373
	latitude: 55.3946868
	longitude: 10.388394
	altitude: 51.7647705078125
}
					
{
	time: 1544373168366
	latitude: 55.3946968
	longitude: 10.3883949
	altitude: 51.86492919921875
}
					
{
	time: 1544373169380
	latitude: 55.394714
	longitude: 10.3883813
	altitude: 51.54583740234375
}
					
{
	time: 1544373170384
	latitude: 55.3947271
	longitude: 10.3883777
	altitude: 52.05755615234375
}
					
{
	time: 1544373171394
	latitude: 55.3947425
	longitude: 10.3883766
	altitude: 52.89794921875
}
					
{
	time: 1544373172375
	latitude: 55.3947554
	longitude: 10.3883631
	altitude: 53.2064208984375
}
					
{
	time: 1544373173368
	latitude: 55.3947659
	longitude: 10.3883605
	altitude: 52.74310302734375
}
					
{
	time: 1544373174362
	latitude: 55.3947788
	longitude: 10.3883674
	altitude: 52.59771728515625
}
					
{
	time: 1544373175368
	latitude: 55.3947977
	longitude: 10.3883588
	altitude: 52.46685791015625
}
					
{
	time: 1544373176371
	latitude: 55.394811
	longitude: 10.3883563
	altitude: 52.2059326171875
}
					
{
	time: 1544373177369
	latitude: 55.3948272
	longitude: 10.3883457
	altitude: 52.3695068359375
}
					
{
	time: 1544373178367
	latitude: 55.3948375
	longitude: 10.3883405
	altitude: 53.01019287109375
}
					
{
	time: 1544373179371
	latitude: 55.3948465
	longitude: 10.3883406
	altitude: 53.29815673828125
}
					
{
	time: 1544373180367
	latitude: 55.3948578
	longitude: 10.3883303
	altitude: 53.4437255859375
}
					
{
	time: 1544373181367
	latitude: 55.3948693
	longitude: 10.3883221
	altitude: 53.35784912109375
}
					
{
	time: 1544373182375
	latitude: 55.3948839
	longitude: 10.3883099
	altitude: 53.3770751953125
}
					
{
	time: 1544373183367
	latitude: 55.3948946
	longitude: 10.3883092
	altitude: 53.2281494140625
}
					
{
	time: 1544373184369
	latitude: 55.3949032
	longitude: 10.3883028
	altitude: 52.93365478515625
}
					
{
	time: 1544373185380
	latitude: 55.3949124
	longitude: 10.3882981
	altitude: 52.78369140625
}
					
{
	time: 1544373186370
	latitude: 55.3949248
	longitude: 10.3882884
	altitude: 52.679443359375
}
					
{
	time: 1544373187372
	latitude: 55.3949363
	longitude: 10.3882802
	altitude: 53.0694580078125
}
					
{
	time: 1544373188373
	latitude: 55.3949449
	longitude: 10.3882812
	altitude: 52.94476318359375
}
					
{
	time: 1544373189369
	latitude: 55.3949581
	longitude: 10.3882772
	altitude: 52.86187744140625
}
					
{
	time: 1544373190366
	latitude: 55.3949708
	longitude: 10.3882749
	altitude: 52.66278076171875
}
					
{
	time: 1544373191364
	latitude: 55.3949767
	longitude: 10.3882751
	altitude: 52.328857421875
}
					
{
	time: 1544373192366
	latitude: 55.3949872
	longitude: 10.3882729
	altitude: 52.0797119140625
}
					
{
	time: 1544373193368
	latitude: 55.3949915
	longitude: 10.3882712
	altitude: 52.4276123046875
}
					
{
	time: 1544373194367
	latitude: 55.3949943
	longitude: 10.3882634
	altitude: 52.0587158203125
}
					
{
	time: 1544373195367
	latitude: 55.3950061
	longitude: 10.3882605
	altitude: 51.53643798828125
}
					
{
	time: 1544373196371
	latitude: 55.3950105
	longitude: 10.3882619
	altitude: 51.31109619140625
}
					
{
	time: 1544373197365
	latitude: 55.3950168
	longitude: 10.3882606
	altitude: 51.06561279296875
}
					
{
	time: 1544373198401
	latitude: 55.3950292
	longitude: 10.3882581
	altitude: 51.4879150390625
}
					