
{
	time: 1544371527563
	latitude: 55.3941585
	longitude: 10.376483
	altitude: 55.4525146484375
}
					
{
	time: 1544371527599
	latitude: 55.3941557
	longitude: 10.3764908
	altitude: 55.4525146484375
}
					
{
	time: 1544371528362
	latitude: 55.3941508
	longitude: 10.3765004
	altitude: 55.107666015625
}
					
{
	time: 1544371529371
	latitude: 55.3941461
	longitude: 10.3765207
	altitude: 54.91217041015625
}
					
{
	time: 1544371530377
	latitude: 55.3941414
	longitude: 10.376548
	altitude: 54.6695556640625
}
					
{
	time: 1544371531368
	latitude: 55.3941303
	longitude: 10.3765718
	altitude: 56.03472900390625
}
					
{
	time: 1544371532371
	latitude: 55.3941222
	longitude: 10.3765838
	altitude: 56.42474365234375
}
					
{
	time: 1544371532592
	latitude: 55.394117
	longitude: 10.3765928
	altitude: 56.42474365234375
}
					
{
	time: 1544371533364
	latitude: 55.3941103
	longitude: 10.3766018
	altitude: 56.37908935546875
}
					
{
	time: 1544371534365
	latitude: 55.3941057
	longitude: 10.3766193
	altitude: 55.93603515625
}
					
{
	time: 1544371535380
	latitude: 55.394098
	longitude: 10.3766262
	altitude: 55.844482421875
}
					
{
	time: 1544371536365
	latitude: 55.394089
	longitude: 10.3766346
	altitude: 55.58123779296875
}
					
{
	time: 1544371537362
	latitude: 55.3940813
	longitude: 10.3766531
	altitude: 55.4173583984375
}
					
{
	time: 1544371538384
	latitude: 55.3940738
	longitude: 10.3766596
	altitude: 55.87689208984375
}
					
{
	time: 1544371539364
	latitude: 55.394069
	longitude: 10.376665
	altitude: 55.1036376953125
}
					
{
	time: 1544371540367
	latitude: 55.3940635
	longitude: 10.3766619
	altitude: 54.86859130859375
}
					
{
	time: 1544371541372
	latitude: 55.3940601
	longitude: 10.3766604
	altitude: 55.04376220703125
}
					
{
	time: 1544371542376
	latitude: 55.3940578
	longitude: 10.37666
	altitude: 55.39031982421875
}
					
{
	time: 1544371543367
	latitude: 55.3940566
	longitude: 10.3766614
	altitude: 55.48931884765625
}
					
{
	time: 1544371544103
	latitude: 55.3940559
	longitude: 10.3766621
	altitude: 55.48931884765625
}
					
{
	time: 1544371544362
	latitude: 55.3940548
	longitude: 10.3766678
	altitude: 55.73455810546875
}
					
{
	time: 1544371545353
	latitude: 55.3940539
	longitude: 10.3766729
	altitude: 55.7615966796875
}
					
{
	time: 1544371546353
	latitude: 55.3940532
	longitude: 10.3766768
	altitude: 55.79425048828125
}
					
{
	time: 1544371576884
	latitude: 55.3940328
	longitude: 10.3767099
	altitude: 58.48388671875
}
					
{
	time: 1544371577360
	latitude: 55.3940291
	longitude: 10.3767197
	altitude: 59.097900390625
}
					
{
	time: 1544371578359
	latitude: 55.3940213
	longitude: 10.3767399
	altitude: 58.80609130859375
}
					
{
	time: 1544371579352
	latitude: 55.3940105
	longitude: 10.3767647
	altitude: 58.52239990234375
}
					
{
	time: 1544371591071
	latitude: 55.3939551
	longitude: 10.3769244
	altitude: 57.88031005859375
}
					
{
	time: 1544371591189
	latitude: 55.393955
	longitude: 10.3769245
	altitude: 57.88031005859375
}
					
{
	time: 1544371591359
	latitude: 55.3939502
	longitude: 10.3769366
	altitude: 58.33203125
}
					
{
	time: 1544371592384
	latitude: 55.3939437
	longitude: 10.3769647
	altitude: 58.23162841796875
}
					
{
	time: 1544371593376
	latitude: 55.3939369
	longitude: 10.3769874
	altitude: 58.44146728515625
}
					
{
	time: 1544371594383
	latitude: 55.3939302
	longitude: 10.3770071
	altitude: 58.87841796875
}
					
{
	time: 1544371595366
	latitude: 55.3939244
	longitude: 10.3770168
	altitude: 59.62933349609375
}
					
{
	time: 1544371596140
	latitude: 55.39392
	longitude: 10.3770348
	altitude: 59.62933349609375
}
					
{
	time: 1544371596369
	latitude: 55.3939165
	longitude: 10.377032
	altitude: 59.6502685546875
}
					
{
	time: 1544371597359
	latitude: 55.3939102
	longitude: 10.3770432
	altitude: 59.838134765625
}
					
{
	time: 1544371608519
	latitude: 55.393822
	longitude: 10.3771989
	altitude: 63.1995849609375
}
					
{
	time: 1544371609379
	latitude: 55.3938144
	longitude: 10.3772201
	altitude: 62.989501953125
}
					
{
	time: 1544371610388
	latitude: 55.3938067
	longitude: 10.3772407
	altitude: 62.8487548828125
}
					
{
	time: 1544371611385
	latitude: 55.3937974
	longitude: 10.3772689
	altitude: 62.77862548828125
}
					
{
	time: 1544371612386
	latitude: 55.3937895
	longitude: 10.3772944
	altitude: 62.84423828125
}
					
{
	time: 1544371613374
	latitude: 55.3937825
	longitude: 10.3773096
	altitude: 62.47900390625
}
					
{
	time: 1544371613589
	latitude: 55.3937786
	longitude: 10.3773201
	altitude: 62.47900390625
}
					
{
	time: 1544371614376
	latitude: 55.3937725
	longitude: 10.3773345
	altitude: 62.3402099609375
}
					
{
	time: 1544371615377
	latitude: 55.3937652
	longitude: 10.3773606
	altitude: 62.95330810546875
}
					
{
	time: 1544371616357
	latitude: 55.3937582
	longitude: 10.3773775
	altitude: 62.9190673828125
}
					
{
	time: 1544371617360
	latitude: 55.3937464
	longitude: 10.3774027
	altitude: 62.6119384765625
}
					
{
	time: 1544371618360
	latitude: 55.3937391
	longitude: 10.3774199
	altitude: 62.12451171875
}
					
{
	time: 1544371619360
	latitude: 55.3937334
	longitude: 10.3774479
	altitude: 61.9566650390625
}
					
{
	time: 1544371620359
	latitude: 55.3937269
	longitude: 10.377474
	altitude: 62.117431640625
}
					
{
	time: 1544371621359
	latitude: 55.3937215
	longitude: 10.3775
	altitude: 62.73260498046875
}
					
{
	time: 1544371622359
	latitude: 55.3937154
	longitude: 10.3775172
	altitude: 63.2327880859375
}
					
{
	time: 1544371623359
	latitude: 55.3937089
	longitude: 10.3775373
	altitude: 64.05078125
}
					
{
	time: 1544371624365
	latitude: 55.3937023
	longitude: 10.3775666
	altitude: 64.4986572265625
}
					
{
	time: 1544371625364
	latitude: 55.3936975
	longitude: 10.3775945
	altitude: 64.55682373046875
}
					
{
	time: 1544371626359
	latitude: 55.3936934
	longitude: 10.3776129
	altitude: 63.9210205078125
}
					
{
	time: 1544371627358
	latitude: 55.3936891
	longitude: 10.3776334
	altitude: 63.74493408203125
}
					
{
	time: 1544371628358
	latitude: 55.3936851
	longitude: 10.3776631
	altitude: 63.3834228515625
}
					
{
	time: 1544371629359
	latitude: 55.3936819
	longitude: 10.3776908
	altitude: 63.47979736328125
}
					
{
	time: 1544371630362
	latitude: 55.393679
	longitude: 10.3777074
	altitude: 63.607666015625
}
					
{
	time: 1544371631357
	latitude: 55.3936769
	longitude: 10.3777258
	altitude: 64.9974365234375
}
					
{
	time: 1544371632357
	latitude: 55.3936744
	longitude: 10.3777531
	altitude: 65.25396728515625
}
					
{
	time: 1544371633365
	latitude: 55.3936729
	longitude: 10.3777694
	altitude: 65.013916015625
}
					
{
	time: 1544371634358
	latitude: 55.3936706
	longitude: 10.3777953
	altitude: 65.2779541015625
}
					
{
	time: 1544371635361
	latitude: 55.3936699
	longitude: 10.3778195
	altitude: 65.087158203125
}
					
{
	time: 1544371636359
	latitude: 55.3936702
	longitude: 10.3778345
	altitude: 64.26129150390625
}
					
{
	time: 1544371637358
	latitude: 55.3936727
	longitude: 10.3778519
	altitude: 64.1439208984375
}
					
{
	time: 1544371638354
	latitude: 55.3936749
	longitude: 10.3778797
	altitude: 64.2698974609375
}
					
{
	time: 1544371639357
	latitude: 55.3936729
	longitude: 10.3779064
	altitude: 64.277099609375
}
					
{
	time: 1544371640362
	latitude: 55.3936694
	longitude: 10.3779318
	altitude: 64.49066162109375
}
					
{
	time: 1544371641360
	latitude: 55.3936677
	longitude: 10.3779485
	altitude: 64.89166259765625
}
					
{
	time: 1544371642359
	latitude: 55.3936641
	longitude: 10.3779753
	altitude: 65.019775390625
}
					
{
	time: 1544371643357
	latitude: 55.3936633
	longitude: 10.3780015
	altitude: 65.29522705078125
}
					
{
	time: 1544371644359
	latitude: 55.3936633
	longitude: 10.378011
	altitude: 65.75518798828125
}
					
{
	time: 1544371645359
	latitude: 55.3936637
	longitude: 10.3780416
	altitude: 66.11566162109375
}
					
{
	time: 1544371646363
	latitude: 55.3936643
	longitude: 10.3780616
	altitude: 66.03515625
}
					
{
	time: 1544371647359
	latitude: 55.3936637
	longitude: 10.3780828
	altitude: 66.12200927734375
}
					
{
	time: 1544371648358
	latitude: 55.3936638
	longitude: 10.3781042
	altitude: 66.6336669921875
}
					
{
	time: 1544371649359
	latitude: 55.3936637
	longitude: 10.3781259
	altitude: 65.67327880859375
}
					
{
	time: 1544371650358
	latitude: 55.3936644
	longitude: 10.3781562
	altitude: 65.39141845703125
}
					
{
	time: 1544371651358
	latitude: 55.3936639
	longitude: 10.3781842
	altitude: 65.3218994140625
}
					
{
	time: 1544371652362
	latitude: 55.3936631
	longitude: 10.3782021
	altitude: 65.11016845703125
}
					
{
	time: 1544371653359
	latitude: 55.3936644
	longitude: 10.3782301
	altitude: 64.5780029296875
}
					
{
	time: 1544371654359
	latitude: 55.3936659
	longitude: 10.3782483
	altitude: 64.4259033203125
}
					
{
	time: 1544371655362
	latitude: 55.3936675
	longitude: 10.3782692
	altitude: 64.4730224609375
}
					
{
	time: 1544371656372
	latitude: 55.3936691
	longitude: 10.3783003
	altitude: 64.8111572265625
}
					
{
	time: 1544371657379
	latitude: 55.3936668
	longitude: 10.3783284
	altitude: 64.40362548828125
}
					
{
	time: 1544371658378
	latitude: 55.3936654
	longitude: 10.3783477
	altitude: 64.51934814453125
}
					
{
	time: 1544371659368
	latitude: 55.3936635
	longitude: 10.3783764
	altitude: 64.5567626953125
}
					
{
	time: 1544371660361
	latitude: 55.393663
	longitude: 10.3784032
	altitude: 64.0850830078125
}
					
{
	time: 1544371661360
	latitude: 55.3936606
	longitude: 10.3784282
	altitude: 63.22412109375
}
					
{
	time: 1544371662357
	latitude: 55.3936587
	longitude: 10.3784435
	altitude: 62.798583984375
}
					
{
	time: 1544371663362
	latitude: 55.3936572
	longitude: 10.3784608
	altitude: 62.82879638671875
}
					
{
	time: 1544371664357
	latitude: 55.3936549
	longitude: 10.3784885
	altitude: 63.36187744140625
}
					
{
	time: 1544371665358
	latitude: 55.3936537
	longitude: 10.378505
	altitude: 63.8084716796875
}
					
{
	time: 1544371666361
	latitude: 55.3936529
	longitude: 10.3785316
	altitude: 63.69769287109375
}
					
{
	time: 1544371667357
	latitude: 55.3936514
	longitude: 10.3785571
	altitude: 63.62957763671875
}
					
{
	time: 1544371668357
	latitude: 55.3936509
	longitude: 10.3785798
	altitude: 63.92449951171875
}
					
{
	time: 1544371669370
	latitude: 55.3936486
	longitude: 10.3785932
	altitude: 63.26318359375
}
					
{
	time: 1544371670360
	latitude: 55.3936453
	longitude: 10.3786179
	altitude: 60.0399169921875
}
					
{
	time: 1544371671358
	latitude: 55.3936446
	longitude: 10.3786411
	altitude: 59.88336181640625
}
					
{
	time: 1544371672358
	latitude: 55.3936449
	longitude: 10.3786554
	altitude: 59.86468505859375
}
					
{
	time: 1544371673358
	latitude: 55.3936475
	longitude: 10.3786723
	altitude: 58.993896484375
}
					
{
	time: 1544371674359
	latitude: 55.3936515
	longitude: 10.3786987
	altitude: 58.0252685546875
}
					
{
	time: 1544371675361
	latitude: 55.3936549
	longitude: 10.3787165
	altitude: 57.5325927734375
}
					
{
	time: 1544371676360
	latitude: 55.3936599
	longitude: 10.3787357
	altitude: 56.6968994140625
}
					
{
	time: 1544371677360
	latitude: 55.3936646
	longitude: 10.3787563
	altitude: 56.29833984375
}
					
{
	time: 1544371678362
	latitude: 55.3936682
	longitude: 10.3787861
	altitude: 56.325439453125
}
					
{
	time: 1544371679361
	latitude: 55.3936726
	longitude: 10.3788055
	altitude: 56.4249267578125
}
					
{
	time: 1544371680361
	latitude: 55.3936762
	longitude: 10.3788343
	altitude: 55.58282470703125
}
					
{
	time: 1544371681359
	latitude: 55.39368
	longitude: 10.3788534
	altitude: 55.2830810546875
}
					
{
	time: 1544371682358
	latitude: 55.3936889
	longitude: 10.3788796
	altitude: 55.40179443359375
}
					
{
	time: 1544371683360
	latitude: 55.3936976
	longitude: 10.3789029
	altitude: 55.6551513671875
}
					
{
	time: 1544371684359
	latitude: 55.3937047
	longitude: 10.378918
	altitude: 55.07373046875
}
					
{
	time: 1544371685359
	latitude: 55.3937156
	longitude: 10.378941
	altitude: 54.95941162109375
}
					
{
	time: 1544371686364
	latitude: 55.3937239
	longitude: 10.3789563
	altitude: 54.484375
}
					
{
	time: 1544371687358
	latitude: 55.3937324
	longitude: 10.3789812
	altitude: 54.153564453125
}
					
{
	time: 1544371688357
	latitude: 55.3937396
	longitude: 10.3789973
	altitude: 53.3865966796875
}
					
{
	time: 1544371689359
	latitude: 55.3937482
	longitude: 10.379014
	altitude: 53.20806884765625
}
					
{
	time: 1544371690359
	latitude: 55.3937558
	longitude: 10.3790324
	altitude: 52.88055419921875
}
					
{
	time: 1544371691356
	latitude: 55.393765
	longitude: 10.3790591
	altitude: 52.24530029296875
}
					
{
	time: 1544371692370
	latitude: 55.3937741
	longitude: 10.3790838
	altitude: 53.00970458984375
}
					
{
	time: 1544371693358
	latitude: 55.3937796
	longitude: 10.3791001
	altitude: 52.8885498046875
}
					
{
	time: 1544371694359
	latitude: 55.3937868
	longitude: 10.3791187
	altitude: 52.8912353515625
}
					
{
	time: 1544371695359
	latitude: 55.3937944
	longitude: 10.3791392
	altitude: 52.63720703125
}
					
{
	time: 1544371696355
	latitude: 55.3938008
	longitude: 10.3791612
	altitude: 53.2120361328125
}
					
{
	time: 1544371697359
	latitude: 55.3938094
	longitude: 10.3791906
	altitude: 52.8939208984375
}
					
{
	time: 1544371698362
	latitude: 55.3938187
	longitude: 10.3792161
	altitude: 52.3870849609375
}
					
{
	time: 1544371699359
	latitude: 55.3938259
	longitude: 10.379231
	altitude: 52.2052001953125
}
					
{
	time: 1544371700362
	latitude: 55.3938336
	longitude: 10.379257
	altitude: 51.89739990234375
}
					
{
	time: 1544371701361
	latitude: 55.3938358
	longitude: 10.379276
	altitude: 51.89764404296875
}
					
{
	time: 1544371702359
	latitude: 55.3938354
	longitude: 10.3792977
	altitude: 52.31231689453125
}
					
{
	time: 1544371703362
	latitude: 55.3938359
	longitude: 10.3793192
	altitude: 52.52349853515625
}
					
{
	time: 1544371704360
	latitude: 55.3938377
	longitude: 10.3793402
	altitude: 53.3345947265625
}
					
{
	time: 1544371705358
	latitude: 55.3938388
	longitude: 10.3793606
	altitude: 53.98516845703125
}
					
{
	time: 1544371706358
	latitude: 55.393839
	longitude: 10.3793818
	altitude: 54.35162353515625
}
					
{
	time: 1544371707356
	latitude: 55.3938382
	longitude: 10.3793969
	altitude: 54.756103515625
}
					
{
	time: 1544371708364
	latitude: 55.3938411
	longitude: 10.379429
	altitude: 54.7366943359375
}
					
{
	time: 1544371709362
	latitude: 55.3938434
	longitude: 10.3794491
	altitude: 55.2669677734375
}
					
{
	time: 1544371710358
	latitude: 55.3938465
	longitude: 10.3794692
	altitude: 54.98486328125
}
					
{
	time: 1544371711359
	latitude: 55.3938514
	longitude: 10.3794969
	altitude: 55.504150390625
}
					
{
	time: 1544371712359
	latitude: 55.3938539
	longitude: 10.3795234
	altitude: 55.9412841796875
}
					
{
	time: 1544371713359
	latitude: 55.3938592
	longitude: 10.3795468
	altitude: 55.90814208984375
}
					
{
	time: 1544371714360
	latitude: 55.3938627
	longitude: 10.3795614
	altitude: 55.78558349609375
}
					
{
	time: 1544371715359
	latitude: 55.3938691
	longitude: 10.3795849
	altitude: 55.93792724609375
}
					
{
	time: 1544371716366
	latitude: 55.3938742
	longitude: 10.3796069
	altitude: 55.98529052734375
}
					
{
	time: 1544371717366
	latitude: 55.3938791
	longitude: 10.3796186
	altitude: 55.34332275390625
}
					
{
	time: 1544371718357
	latitude: 55.3938849
	longitude: 10.3796317
	altitude: 55.541015625
}
					
{
	time: 1544371719359
	latitude: 55.393892
	longitude: 10.3796456
	altitude: 55.1153564453125
}
					
{
	time: 1544371720362
	latitude: 55.3938972
	longitude: 10.3796597
	altitude: 54.59100341796875
}
					
{
	time: 1544371721359
	latitude: 55.3939031
	longitude: 10.3796748
	altitude: 55.25225830078125
}
					
{
	time: 1544371722359
	latitude: 55.393909
	longitude: 10.3796997
	altitude: 55.01007080078125
}
					
{
	time: 1544371723361
	latitude: 55.393915
	longitude: 10.3797148
	altitude: 54.7806396484375
}
					
{
	time: 1544371724358
	latitude: 55.3939194
	longitude: 10.3797402
	altitude: 54.61578369140625
}
					
{
	time: 1544371725357
	latitude: 55.3939231
	longitude: 10.3797554
	altitude: 54.802490234375
}
					
{
	time: 1544371726362
	latitude: 55.3939267
	longitude: 10.3797808
	altitude: 54.3966064453125
}
					
{
	time: 1544371727358
	latitude: 55.3939287
	longitude: 10.3798058
	altitude: 53.64788818359375
}
					
{
	time: 1544371728359
	latitude: 55.3939277
	longitude: 10.3798212
	altitude: 53.5684814453125
}
					
{
	time: 1544371729361
	latitude: 55.393926
	longitude: 10.3798485
	altitude: 54.22650146484375
}
					
{
	time: 1544371730360
	latitude: 55.3939259
	longitude: 10.3798752
	altitude: 54.84375
}
					
{
	time: 1544371731362
	latitude: 55.3939287
	longitude: 10.3798929
	altitude: 55.0098876953125
}
					
{
	time: 1544371732364
	latitude: 55.3939292
	longitude: 10.3799216
	altitude: 56.0576171875
}
					
{
	time: 1544371733359
	latitude: 55.393931
	longitude: 10.3799478
	altitude: 56.1234130859375
}
					
{
	time: 1544371734365
	latitude: 55.3939339
	longitude: 10.3799665
	altitude: 56.74444580078125
}
					
{
	time: 1544371735362
	latitude: 55.3939366
	longitude: 10.3799873
	altitude: 57.4619140625
}
					
{
	time: 1544371736368
	latitude: 55.39394
	longitude: 10.3800093
	altitude: 57.84765625
}
					
{
	time: 1544371737359
	latitude: 55.393944
	longitude: 10.3800324
	altitude: 58.2059326171875
}
					
{
	time: 1544371738360
	latitude: 55.3939491
	longitude: 10.3800578
	altitude: 57.6580810546875
}
					
{
	time: 1544371739361
	latitude: 55.3939535
	longitude: 10.3800848
	altitude: 58.3167724609375
}
					
{
	time: 1544371740359
	latitude: 55.3939569
	longitude: 10.380112
	altitude: 58.56280517578125
}
					
{
	time: 1544371741362
	latitude: 55.3939635
	longitude: 10.3801447
	altitude: 58.32794189453125
}
					
{
	time: 1544371742372
	latitude: 55.393967
	longitude: 10.3801753
	altitude: 58.96826171875
}
					
{
	time: 1544371743376
	latitude: 55.3939697
	longitude: 10.3802047
	altitude: 59.28851318359375
}
					
{
	time: 1544371744372
	latitude: 55.3939711
	longitude: 10.3802338
	altitude: 58.36273193359375
}
					
{
	time: 1544371745367
	latitude: 55.393974
	longitude: 10.3802531
	altitude: 57.6365966796875
}
					
{
	time: 1544371746373
	latitude: 55.3939778
	longitude: 10.3802743
	altitude: 57.3309326171875
}
					
{
	time: 1544371747381
	latitude: 55.3939824
	longitude: 10.380306
	altitude: 57.168212890625
}
					
{
	time: 1544371748380
	latitude: 55.3939881
	longitude: 10.3803347
	altitude: 57.42767333984375
}
					
{
	time: 1544371749380
	latitude: 55.3939907
	longitude: 10.3803553
	altitude: 56.64923095703125
}
					
{
	time: 1544371750378
	latitude: 55.3939939
	longitude: 10.3803771
	altitude: 56.41607666015625
}
					
{
	time: 1544371751378
	latitude: 55.394
	longitude: 10.3804092
	altitude: 55.83734130859375
}
					
{
	time: 1544371752373
	latitude: 55.3940069
	longitude: 10.3804399
	altitude: 53.75439453125
}
					
{
	time: 1544371753374
	latitude: 55.3940122
	longitude: 10.380459
	altitude: 54.0120849609375
}
					
{
	time: 1544371754378
	latitude: 55.3940181
	longitude: 10.3804804
	altitude: 54.4483642578125
}
					
{
	time: 1544371755378
	latitude: 55.3940235
	longitude: 10.3805097
	altitude: 54.30938720703125
}
					
{
	time: 1544371756375
	latitude: 55.394028
	longitude: 10.3805283
	altitude: 54.569091796875
}
					
{
	time: 1544371757374
	latitude: 55.3940324
	longitude: 10.3805473
	altitude: 54.3077392578125
}
					
{
	time: 1544371758379
	latitude: 55.394039
	longitude: 10.380565
	altitude: 53.8441162109375
}
					
{
	time: 1544371759382
	latitude: 55.3940495
	longitude: 10.3805891
	altitude: 54.53857421875
}
					
{
	time: 1544371760370
	latitude: 55.3940586
	longitude: 10.3806028
	altitude: 54.72509765625
}
					
{
	time: 1544371761374
	latitude: 55.3940676
	longitude: 10.3806174
	altitude: 55.33416748046875
}
					
{
	time: 1544371762377
	latitude: 55.3940768
	longitude: 10.3806408
	altitude: 55.1693115234375
}
					
{
	time: 1544371763375
	latitude: 55.3940859
	longitude: 10.3806618
	altitude: 55.494140625
}
					
{
	time: 1544371764367
	latitude: 55.3940935
	longitude: 10.3806727
	altitude: 54.65887451171875
}
					
{
	time: 1544371765364
	latitude: 55.3941055
	longitude: 10.3806899
	altitude: 54.3111572265625
}
					
{
	time: 1544371766366
	latitude: 55.3941155
	longitude: 10.3806966
	altitude: 54.1951904296875
}
					
{
	time: 1544371767367
	latitude: 55.3941266
	longitude: 10.3807137
	altitude: 53.7340087890625
}
					
{
	time: 1544371768364
	latitude: 55.3941362
	longitude: 10.3807299
	altitude: 52.62744140625
}
					
{
	time: 1544371769368
	latitude: 55.3941489
	longitude: 10.3807398
	altitude: 53.8857421875
}
					
{
	time: 1544371770533
	latitude: 55.394158
	longitude: 10.3807581
	altitude: 52.4501953125
}
					
{
	time: 1544371771365
	latitude: 55.3941693
	longitude: 10.3807761
	altitude: 51.43011474609375
}
					
{
	time: 1544371772363
	latitude: 55.3941807
	longitude: 10.3807928
	altitude: 51.5333251953125
}
					
{
	time: 1544371773362
	latitude: 55.3941897
	longitude: 10.380799
	altitude: 52.799072265625
}
					
{
	time: 1544371774362
	latitude: 55.3941974
	longitude: 10.3808081
	altitude: 52.59600830078125
}
					
{
	time: 1544371775367
	latitude: 55.3942047
	longitude: 10.3808185
	altitude: 51.19610595703125
}
					
{
	time: 1544371776364
	latitude: 55.3942141
	longitude: 10.3808381
	altitude: 50.770263671875
}
					
{
	time: 1544371777366
	latitude: 55.3942198
	longitude: 10.3808492
	altitude: 50.5675048828125
}
					
{
	time: 1544371778367
	latitude: 55.3942255
	longitude: 10.3808625
	altitude: 50.6356201171875
}
					
{
	time: 1544371779365
	latitude: 55.394234
	longitude: 10.3808834
	altitude: 51.4771728515625
}
					
{
	time: 1544371780366
	latitude: 55.3942391
	longitude: 10.380896
	altitude: 52.00732421875
}
					
{
	time: 1544371781366
	latitude: 55.3942454
	longitude: 10.3809091
	altitude: 51.79132080078125
}
					
{
	time: 1544371782369
	latitude: 55.3942514
	longitude: 10.3809233
	altitude: 52.379638671875
}
					
{
	time: 1544371783364
	latitude: 55.3942575
	longitude: 10.3809382
	altitude: 52.48077392578125
}
					
{
	time: 1544371784363
	latitude: 55.3942631
	longitude: 10.3809547
	altitude: 52.33172607421875
}
					
{
	time: 1544371785366
	latitude: 55.3942708
	longitude: 10.3809795
	altitude: 52.11627197265625
}
					
{
	time: 1544371786368
	latitude: 55.3942752
	longitude: 10.3809959
	altitude: 52.53997802734375
}
					
{
	time: 1544371787363
	latitude: 55.3942825
	longitude: 10.3810195
	altitude: 52.76654052734375
}
					
{
	time: 1544371788370
	latitude: 55.3942893
	longitude: 10.3810412
	altitude: 52.66656494140625
}
					
{
	time: 1544371789366
	latitude: 55.3942938
	longitude: 10.3810545
	altitude: 53.02294921875
}
					
{
	time: 1544371790359
	latitude: 55.3942989
	longitude: 10.3810793
	altitude: 54.7554931640625
}
					
{
	time: 1544371791358
	latitude: 55.3943058
	longitude: 10.3811017
	altitude: 55.04217529296875
}
					
{
	time: 1544371792375
	latitude: 55.3943123
	longitude: 10.3811242
	altitude: 54.76800537109375
}
					
{
	time: 1544371793361
	latitude: 55.3943146
	longitude: 10.3811415
	altitude: 55.57794189453125
}
					
{
	time: 1544371794359
	latitude: 55.394319
	longitude: 10.3811698
	altitude: 55.97479248046875
}
					
{
	time: 1544371795363
	latitude: 55.394322
	longitude: 10.3811894
	altitude: 55.8994140625
}
					
{
	time: 1544371796360
	latitude: 55.3943271
	longitude: 10.3812184
	altitude: 55.3160400390625
}
					
{
	time: 1544371797363
	latitude: 55.39433
	longitude: 10.3812387
	altitude: 54.9100341796875
}
					
{
	time: 1544371798358
	latitude: 55.3943342
	longitude: 10.38126
	altitude: 53.686767578125
}
					
{
	time: 1544371799359
	latitude: 55.3943419
	longitude: 10.3812886
	altitude: 53.4605712890625
}
					
{
	time: 1544371800361
	latitude: 55.3943452
	longitude: 10.3813092
	altitude: 53.8709716796875
}
					
{
	time: 1544371801362
	latitude: 55.3943475
	longitude: 10.3813251
	altitude: 54.6302490234375
}
					
{
	time: 1544371802366
	latitude: 55.3943542
	longitude: 10.3813586
	altitude: 54.3824462890625
}
					
{
	time: 1544371803364
	latitude: 55.3943593
	longitude: 10.3813893
	altitude: 54.4205322265625
}
					
{
	time: 1544371804364
	latitude: 55.3943627
	longitude: 10.3814191
	altitude: 55.4976806640625
}
					
{
	time: 1544371805361
	latitude: 55.394366
	longitude: 10.3814394
	altitude: 56.3602294921875
}
					
{
	time: 1544371806363
	latitude: 55.3943714
	longitude: 10.3814725
	altitude: 56.41900634765625
}
					
{
	time: 1544371807361
	latitude: 55.3943782
	longitude: 10.3814999
	altitude: 56.19378662109375
}
					
{
	time: 1544371808362
	latitude: 55.3943818
	longitude: 10.381512
	altitude: 55.5880126953125
}
					
{
	time: 1544371809364
	latitude: 55.3943906
	longitude: 10.3815349
	altitude: 57.34112548828125
}
					
{
	time: 1544371810362
	latitude: 55.3944011
	longitude: 10.3815626
	altitude: 56.56304931640625
}
					
{
	time: 1544371811361
	latitude: 55.3944081
	longitude: 10.3815809
	altitude: 56.02239990234375
}
					
{
	time: 1544371812360
	latitude: 55.3944159
	longitude: 10.3816071
	altitude: 56.01702880859375
}
					
{
	time: 1544371813358
	latitude: 55.3944215
	longitude: 10.381622
	altitude: 55.57958984375
}
					
{
	time: 1544371814364
	latitude: 55.3944283
	longitude: 10.3816356
	altitude: 55.9554443359375
}
					
{
	time: 1544371815361
	latitude: 55.3944324
	longitude: 10.3816521
	altitude: 56.1561279296875
}
					
{
	time: 1544371816360
	latitude: 55.3944344
	longitude: 10.3816701
	altitude: 56.27886962890625
}
					
{
	time: 1544371817357
	latitude: 55.3944378
	longitude: 10.3816972
	altitude: 56.3140869140625
}
					
{
	time: 1544371818359
	latitude: 55.3944394
	longitude: 10.3817223
	altitude: 55.9644775390625
}
					
{
	time: 1544371819365
	latitude: 55.3944406
	longitude: 10.3817369
	altitude: 55.1251220703125
}
					
{
	time: 1544371820358
	latitude: 55.3944438
	longitude: 10.3817613
	altitude: 54.765625
}
					
{
	time: 1544371821361
	latitude: 55.3944452
	longitude: 10.3817758
	altitude: 54.6593017578125
}
					
{
	time: 1544371822361
	latitude: 55.3944457
	longitude: 10.3817921
	altitude: 54.70867919921875
}
					
{
	time: 1544371823360
	latitude: 55.3944446
	longitude: 10.3818026
	altitude: 54.3758544921875
}
					
{
	time: 1544371824358
	latitude: 55.3944439
	longitude: 10.3818325
	altitude: 54.51470947265625
}
					
{
	time: 1544371825365
	latitude: 55.3944428
	longitude: 10.381851
	altitude: 53.9295654296875
}
					
{
	time: 1544371826361
	latitude: 55.3944427
	longitude: 10.3818695
	altitude: 54.43182373046875
}
					
{
	time: 1544371827364
	latitude: 55.3944408
	longitude: 10.3818966
	altitude: 53.4378662109375
}
					
{
	time: 1544371828377
	latitude: 55.3944397
	longitude: 10.3819208
	altitude: 52.4205322265625
}
					
{
	time: 1544371829360
	latitude: 55.3944392
	longitude: 10.3819342
	altitude: 51.650634765625
}
					
{
	time: 1544371830362
	latitude: 55.3944387
	longitude: 10.3819578
	altitude: 51.2484130859375
}
					
{
	time: 1544371831364
	latitude: 55.3944379
	longitude: 10.3819799
	altitude: 51.1961669921875
}
					
{
	time: 1544371832366
	latitude: 55.394439
	longitude: 10.3820012
	altitude: 51.00567626953125
}
					
{
	time: 1544371833363
	latitude: 55.3944401
	longitude: 10.3820051
	altitude: 50.81640625
}
					
{
	time: 1544371834363
	latitude: 55.3944405
	longitude: 10.3820246
	altitude: 52.5399169921875
}
					
{
	time: 1544371835365
	latitude: 55.3944442
	longitude: 10.3820539
	altitude: 52.2957763671875
}
					
{
	time: 1544371836360
	latitude: 55.3944476
	longitude: 10.382074
	altitude: 52.5286865234375
}
					
{
	time: 1544371837358
	latitude: 55.3944528
	longitude: 10.3821035
	altitude: 52.8892822265625
}
					
{
	time: 1544371838359
	latitude: 55.3944578
	longitude: 10.3821222
	altitude: 52.8590087890625
}
					
{
	time: 1544371839358
	latitude: 55.3944699
	longitude: 10.3821429
	altitude: 52.9493408203125
}
					
{
	time: 1544371840362
	latitude: 55.3944767
	longitude: 10.3821586
	altitude: 52.58868408203125
}
					
{
	time: 1544371841365
	latitude: 55.3944835
	longitude: 10.3821753
	altitude: 52.68896484375
}
					
{
	time: 1544371842361
	latitude: 55.3944892
	longitude: 10.3821953
	altitude: 51.99871826171875
}
					
{
	time: 1544371843362
	latitude: 55.3944921
	longitude: 10.3822204
	altitude: 51.19390869140625
}
					
{
	time: 1544371844360
	latitude: 55.3944943
	longitude: 10.3822352
	altitude: 51.126220703125
}
					
{
	time: 1544371845365
	latitude: 55.3945007
	longitude: 10.3822549
	altitude: 51.2979736328125
}
					
{
	time: 1544371846363
	latitude: 55.3945042
	longitude: 10.3822835
	altitude: 51.716552734375
}
					
{
	time: 1544371847368
	latitude: 55.3945061
	longitude: 10.3823002
	altitude: 51.68902587890625
}
					
{
	time: 1544371848360
	latitude: 55.3945083
	longitude: 10.3823165
	altitude: 51.40289306640625
}
					
{
	time: 1544371849358
	latitude: 55.3945097
	longitude: 10.3823341
	altitude: 51.23968505859375
}
					
{
	time: 1544371850359
	latitude: 55.3945124
	longitude: 10.3823505
	altitude: 51.28509521484375
}
					
{
	time: 1544371851359
	latitude: 55.3945139
	longitude: 10.3823688
	altitude: 51.38800048828125
}
					
{
	time: 1544371852358
	latitude: 55.3945193
	longitude: 10.3823954
	altitude: 52.82177734375
}
					
{
	time: 1544371853362
	latitude: 55.3945219
	longitude: 10.3824139
	altitude: 52.60986328125
}
					
{
	time: 1544371854360
	latitude: 55.3945269
	longitude: 10.382433
	altitude: 52.19775390625
}
					
{
	time: 1544371855360
	latitude: 55.3945313
	longitude: 10.3824535
	altitude: 51.88067626953125
}
					
{
	time: 1544371856362
	latitude: 55.3945367
	longitude: 10.3824818
	altitude: 51.54010009765625
}
					
{
	time: 1544371857357
	latitude: 55.3945401
	longitude: 10.3824995
	altitude: 50.9378662109375
}
					
{
	time: 1544371858364
	latitude: 55.3945459
	longitude: 10.3825258
	altitude: 51.2222900390625
}
					
{
	time: 1544371859360
	latitude: 55.3945469
	longitude: 10.3825362
	altitude: 51.46551513671875
}
					
{
	time: 1544371860354
	latitude: 55.3945505
	longitude: 10.3825662
	altitude: 51.34197998046875
}
					
{
	time: 1544371861356
	latitude: 55.394552
	longitude: 10.3825853
	altitude: 51.3349609375
}
					
{
	time: 1544371862362
	latitude: 55.3945559
	longitude: 10.3826122
	altitude: 51.27099609375
}
					
{
	time: 1544371863357
	latitude: 55.3945601
	longitude: 10.3826364
	altitude: 50.32281494140625
}
					
{
	time: 1544371864361
	latitude: 55.3945652
	longitude: 10.382659
	altitude: 50.96820068359375
}
					
{
	time: 1544371865359
	latitude: 55.3945689
	longitude: 10.3826812
	altitude: 50.76995849609375
}
					
{
	time: 1544371866361
	latitude: 55.3945713
	longitude: 10.3826942
	altitude: 51.2952880859375
}
					
{
	time: 1544371867359
	latitude: 55.3945744
	longitude: 10.3827178
	altitude: 49.91583251953125
}
					
{
	time: 1544371868356
	latitude: 55.3945767
	longitude: 10.3827413
	altitude: 50.32672119140625
}
					
{
	time: 1544371869356
	latitude: 55.3945784
	longitude: 10.3827646
	altitude: 50.2808837890625
}
					
{
	time: 1544371870358
	latitude: 55.3945807
	longitude: 10.3827797
	altitude: 51.2744140625
}
					
{
	time: 1544371871364
	latitude: 55.3945876
	longitude: 10.3828042
	altitude: 51.3468017578125
}
					
{
	time: 1544371872360
	latitude: 55.394591
	longitude: 10.3828143
	altitude: 51.4013671875
}
					
{
	time: 1544371873364
	latitude: 55.3945954
	longitude: 10.3828348
	altitude: 51.19537353515625
}
					
{
	time: 1544371874357
	latitude: 55.3945995
	longitude: 10.3828625
	altitude: 51.59814453125
}
					
{
	time: 1544371875362
	latitude: 55.3946038
	longitude: 10.382879
	altitude: 52.15484619140625
}
					
{
	time: 1544371876361
	latitude: 55.3946098
	longitude: 10.3828953
	altitude: 52.4927978515625
}
					
{
	time: 1544371877359
	latitude: 55.394615
	longitude: 10.382913
	altitude: 52.03509521484375
}
					
{
	time: 1544371878366
	latitude: 55.3946204
	longitude: 10.3829409
	altitude: 52.41290283203125
}
					
{
	time: 1544371879358
	latitude: 55.3946235
	longitude: 10.3829666
	altitude: 52.46478271484375
}
					
{
	time: 1544371880360
	latitude: 55.394622
	longitude: 10.3829831
	altitude: 53.65692138671875
}
					
{
	time: 1544371881357
	latitude: 55.394621
	longitude: 10.3830089
	altitude: 52.9241943359375
}
					
{
	time: 1544371882356
	latitude: 55.394621
	longitude: 10.3830249
	altitude: 52.61370849609375
}
					
{
	time: 1544371883361
	latitude: 55.3946244
	longitude: 10.3830418
	altitude: 52.1429443359375
}
					
{
	time: 1544371884359
	latitude: 55.394629
	longitude: 10.3830602
	altitude: 52.96881103515625
}
					
{
	time: 1544371885358
	latitude: 55.3946345
	longitude: 10.3830786
	altitude: 54.2867431640625
}
					
{
	time: 1544371886362
	latitude: 55.3946398
	longitude: 10.3830908
	altitude: 53.9588623046875
}
					
{
	time: 1544371887365
	latitude: 55.3946453
	longitude: 10.3831066
	altitude: 55.392822265625
}
					
{
	time: 1544371888364
	latitude: 55.3946528
	longitude: 10.3831323
	altitude: 55.33905029296875
}
					
{
	time: 1544371889359
	latitude: 55.3946559
	longitude: 10.3831506
	altitude: 54.69293212890625
}
					
{
	time: 1544371890359
	latitude: 55.3946584
	longitude: 10.3831695
	altitude: 54.48095703125
}
					
{
	time: 1544371891363
	latitude: 55.3946624
	longitude: 10.3831943
	altitude: 54.4844970703125
}
					
{
	time: 1544371892357
	latitude: 55.3946655
	longitude: 10.3832162
	altitude: 54.53466796875
}
					
{
	time: 1544371893358
	latitude: 55.3946701
	longitude: 10.3832447
	altitude: 54.73065185546875
}
					
{
	time: 1544371894360
	latitude: 55.3946727
	longitude: 10.3832624
	altitude: 55.12213134765625
}
					
{
	time: 1544371895360
	latitude: 55.3946781
	longitude: 10.3832791
	altitude: 55.772216796875
}
					
{
	time: 1544371896367
	latitude: 55.3946835
	longitude: 10.3832895
	altitude: 55.59698486328125
}
					
{
	time: 1544371897363
	latitude: 55.3946911
	longitude: 10.3833034
	altitude: 55.4462890625
}
					
{
	time: 1544371898365
	latitude: 55.3946998
	longitude: 10.38332
	altitude: 55.47247314453125
}
					
{
	time: 1544371899364
	latitude: 55.3947074
	longitude: 10.3833449
	altitude: 54.642578125
}
					
{
	time: 1544371900357
	latitude: 55.3947143
	longitude: 10.3833759
	altitude: 54.41827392578125
}
					
{
	time: 1544371901358
	latitude: 55.3947208
	longitude: 10.3833963
	altitude: 54.06634521484375
}
					
{
	time: 1544371902361
	latitude: 55.3947274
	longitude: 10.3834168
	altitude: 54.6922607421875
}
					
{
	time: 1544371903359
	latitude: 55.394731
	longitude: 10.3834389
	altitude: 54.43316650390625
}
					
{
	time: 1544371904356
	latitude: 55.3947345
	longitude: 10.3834609
	altitude: 54.10186767578125
}
					
{
	time: 1544371905359
	latitude: 55.3947397
	longitude: 10.3834883
	altitude: 54.272705078125
}
					
{
	time: 1544371906358
	latitude: 55.3947454
	longitude: 10.3835096
	altitude: 54.18426513671875
}
					
{
	time: 1544371907362
	latitude: 55.3947484
	longitude: 10.3835213
	altitude: 54.132568359375
}
					
{
	time: 1544371908358
	latitude: 55.3947501
	longitude: 10.3835283
	altitude: 54.3858642578125
}
					
{
	time: 1544371909360
	latitude: 55.3947596
	longitude: 10.3835518
	altitude: 54.44171142578125
}
					
{
	time: 1544371910360
	latitude: 55.394767
	longitude: 10.3835657
	altitude: 55.4033203125
}
					
{
	time: 1544371911360
	latitude: 55.3947756
	longitude: 10.3835807
	altitude: 56.13018798828125
}
					
{
	time: 1544371912358
	latitude: 55.3947846
	longitude: 10.383596
	altitude: 56.409423828125
}
					
{
	time: 1544371913366
	latitude: 55.3947945
	longitude: 10.3836193
	altitude: 57.55450439453125
}
					
{
	time: 1544371914363
	latitude: 55.3948028
	longitude: 10.383631
	altitude: 58.14306640625
}
					
{
	time: 1544371915359
	latitude: 55.3948104
	longitude: 10.3836379
	altitude: 57.41461181640625
}
					
{
	time: 1544371916361
	latitude: 55.3948221
	longitude: 10.3836611
	altitude: 57.49810791015625
}
					
{
	time: 1544371917360
	latitude: 55.3948262
	longitude: 10.3836707
	altitude: 58.686279296875
}
					
{
	time: 1544371918363
	latitude: 55.3948333
	longitude: 10.3836917
	altitude: 58.15545654296875
}
					
{
	time: 1544371919360
	latitude: 55.3948385
	longitude: 10.3837071
	altitude: 58.19427490234375
}
					
{
	time: 1544371920362
	latitude: 55.3948455
	longitude: 10.3837284
	altitude: 58.6619873046875
}
					
{
	time: 1544371921361
	latitude: 55.3948499
	longitude: 10.3837498
	altitude: 58.28863525390625
}
					
{
	time: 1544371922366
	latitude: 55.3948557
	longitude: 10.383779
	altitude: 57.61102294921875
}
					
{
	time: 1544371923358
	latitude: 55.3948645
	longitude: 10.383802
	altitude: 57.693603515625
}
					
{
	time: 1544371924363
	latitude: 55.3948681
	longitude: 10.3838151
	altitude: 58.04669189453125
}
					
{
	time: 1544371925360
	latitude: 55.3948728
	longitude: 10.3838373
	altitude: 57.48931884765625
}
					
{
	time: 1544371926363
	latitude: 55.3948741
	longitude: 10.3838527
	altitude: 57.26873779296875
}
					
{
	time: 1544371927359
	latitude: 55.3948768
	longitude: 10.3838792
	altitude: 56.75335693359375
}
					
{
	time: 1544371928358
	latitude: 55.3948764
	longitude: 10.3838968
	altitude: 56.42376708984375
}
					
{
	time: 1544371929362
	latitude: 55.3948764
	longitude: 10.3839155
	altitude: 55.9390869140625
}
					
{
	time: 1544371930360
	latitude: 55.3948777
	longitude: 10.3839347
	altitude: 55.39068603515625
}
					
{
	time: 1544371931358
	latitude: 55.3948783
	longitude: 10.3839559
	altitude: 54.923828125
}
					
{
	time: 1544371932360
	latitude: 55.3948758
	longitude: 10.3839725
	altitude: 54.47882080078125
}
					
{
	time: 1544371933358
	latitude: 55.3948736
	longitude: 10.3839914
	altitude: 53.68402099609375
}
					
{
	time: 1544371934364
	latitude: 55.3948737
	longitude: 10.3840104
	altitude: 53.46221923828125
}
					
{
	time: 1544371935359
	latitude: 55.3948779
	longitude: 10.3840427
	altitude: 53.183837890625
}
					
{
	time: 1544371936359
	latitude: 55.3948796
	longitude: 10.3840627
	altitude: 52.7896728515625
}
					
{
	time: 1544371937358
	latitude: 55.3948827
	longitude: 10.3840826
	altitude: 52.08251953125
}
					
{
	time: 1544371938361
	latitude: 55.3948862
	longitude: 10.3840941
	altitude: 51.4063720703125
}
					
{
	time: 1544371939362
	latitude: 55.3948931
	longitude: 10.3841136
	altitude: 51.7396240234375
}
					
{
	time: 1544371940358
	latitude: 55.3949008
	longitude: 10.3841257
	altitude: 51.69757080078125
}
					
{
	time: 1544371941360
	latitude: 55.39491
	longitude: 10.384139
	altitude: 52.72283935546875
}
					
{
	time: 1544371942361
	latitude: 55.3949211
	longitude: 10.3841683
	altitude: 53.4176025390625
}
					
{
	time: 1544371943360
	latitude: 55.3949326
	longitude: 10.3841832
	altitude: 53.0970458984375
}
					
{
	time: 1544371944367
	latitude: 55.3949421
	longitude: 10.3842028
	altitude: 52.24615478515625
}
					
{
	time: 1544371945362
	latitude: 55.3949502
	longitude: 10.3842232
	altitude: 52.0418701171875
}
					
{
	time: 1544371946359
	latitude: 55.3949593
	longitude: 10.3842366
	altitude: 51.8173828125
}
					
{
	time: 1544371947359
	latitude: 55.3949703
	longitude: 10.3842509
	altitude: 52.4306640625
}
					
{
	time: 1544371948360
	latitude: 55.394983
	longitude: 10.3842718
	altitude: 52.80621337890625
}
					
{
	time: 1544371949360
	latitude: 55.3949937
	longitude: 10.3842903
	altitude: 52.83013916015625
}
					
{
	time: 1544371950362
	latitude: 55.3950018
	longitude: 10.3843016
	altitude: 51.8074951171875
}
					
{
	time: 1544371951359
	latitude: 55.3950109
	longitude: 10.3843216
	altitude: 52.00579833984375
}
					
{
	time: 1544371952361
	latitude: 55.3950187
	longitude: 10.3843401
	altitude: 52.32513427734375
}
					
{
	time: 1544371953358
	latitude: 55.3950258
	longitude: 10.3843589
	altitude: 52.0316162109375
}
					
{
	time: 1544371954357
	latitude: 55.3950349
	longitude: 10.3843759
	altitude: 53.27362060546875
}
					
{
	time: 1544371955363
	latitude: 55.3950438
	longitude: 10.3843911
	altitude: 53.96337890625
}
					
{
	time: 1544371956360
	latitude: 55.3950538
	longitude: 10.3844136
	altitude: 54.00537109375
}
					
{
	time: 1544371957360
	latitude: 55.3950556
	longitude: 10.3844148
	altitude: 54.07611083984375
}
					
{
	time: 1544371958361
	latitude: 55.3950609
	longitude: 10.3844399
	altitude: 54.03460693359375
}
					
{
	time: 1544371959358
	latitude: 55.3950695
	longitude: 10.3844622
	altitude: 54.026123046875
}
					
{
	time: 1544371960360
	latitude: 55.3950745
	longitude: 10.3844636
	altitude: 54.6964111328125
}
					
{
	time: 1544371961363
	latitude: 55.3950883
	longitude: 10.3844821
	altitude: 54.67401123046875
}
					
{
	time: 1544371962359
	latitude: 55.3950985
	longitude: 10.3844904
	altitude: 54.606201171875
}
					
{
	time: 1544371963363
	latitude: 55.3951106
	longitude: 10.3845087
	altitude: 54.87774658203125
}
					
{
	time: 1544371964363
	latitude: 55.3951232
	longitude: 10.3845238
	altitude: 55.12646484375
}
					
{
	time: 1544371965368
	latitude: 55.3951353
	longitude: 10.3845384
	altitude: 54.7340087890625
}
					
{
	time: 1544371966360
	latitude: 55.3951427
	longitude: 10.3845461
	altitude: 54.7186279296875
}
					
{
	time: 1544371967359
	latitude: 55.3951537
	longitude: 10.3845627
	altitude: 54.7593994140625
}
					
{
	time: 1544371968360
	latitude: 55.3951639
	longitude: 10.3845792
	altitude: 54.164794921875
}
					
{
	time: 1544371969359
	latitude: 55.3951706
	longitude: 10.3845879
	altitude: 53.6422119140625
}
					
{
	time: 1544371970359
	latitude: 55.3951775
	longitude: 10.3845991
	altitude: 53.34149169921875
}
					
{
	time: 1544371971371
	latitude: 55.3951839
	longitude: 10.3846107
	altitude: 53.25714111328125
}
					
{
	time: 1544371972359
	latitude: 55.3951904
	longitude: 10.3846233
	altitude: 54.00677490234375
}
					
{
	time: 1544371973359
	latitude: 55.3951949
	longitude: 10.3846302
	altitude: 54.32794189453125
}
					
{
	time: 1544371974359
	latitude: 55.3952034
	longitude: 10.3846487
	altitude: 54.459716796875
}
					
{
	time: 1544371975362
	latitude: 55.3952142
	longitude: 10.3846749
	altitude: 53.60845947265625
}
					
{
	time: 1544371976366
	latitude: 55.3952182
	longitude: 10.3846925
	altitude: 53.16180419921875
}
					
{
	time: 1544371977366
	latitude: 55.3952228
	longitude: 10.384717
	altitude: 53.16363525390625
}
					
{
	time: 1544371978361
	latitude: 55.3952217
	longitude: 10.3847222
	altitude: 53.429443359375
}
					
{
	time: 1544371979359
	latitude: 55.3952277
	longitude: 10.3847462
	altitude: 54.56085205078125
}
					
{
	time: 1544371980361
	latitude: 55.3952342
	longitude: 10.3847589
	altitude: 55.131591796875
}
					
{
	time: 1544371981366
	latitude: 55.3952407
	longitude: 10.3847643
	altitude: 55.6080322265625
}
					
{
	time: 1544371982364
	latitude: 55.3952534
	longitude: 10.3847784
	altitude: 56.522216796875
}
					
{
	time: 1544371983361
	latitude: 55.3952678
	longitude: 10.3847915
	altitude: 55.810302734375
}
					
{
	time: 1544371984361
	latitude: 55.3952829
	longitude: 10.3848038
	altitude: 55.2926025390625
}
					
{
	time: 1544371985363
	latitude: 55.3952966
	longitude: 10.3848191
	altitude: 54.52996826171875
}
					
{
	time: 1544371986364
	latitude: 55.3953076
	longitude: 10.3848286
	altitude: 54.67828369140625
}
					
{
	time: 1544371987367
	latitude: 55.3953188
	longitude: 10.38484
	altitude: 55.22088623046875
}
					
{
	time: 1544371988359
	latitude: 55.3953309
	longitude: 10.3848537
	altitude: 55.19061279296875
}
					
{
	time: 1544371989362
	latitude: 55.3953436
	longitude: 10.3848796
	altitude: 54.798095703125
}
					
{
	time: 1544371990362
	latitude: 55.3953513
	longitude: 10.3849053
	altitude: 55.55145263671875
}
					
{
	time: 1544371991359
	latitude: 55.3953616
	longitude: 10.3849287
	altitude: 55.52734375
}
					
{
	time: 1544371992359
	latitude: 55.3953711
	longitude: 10.3849614
	altitude: 57.5140380859375
}
					
{
	time: 1544371993365
	latitude: 55.3953775
	longitude: 10.3849823
	altitude: 57.4737548828125
}
					
{
	time: 1544371994358
	latitude: 55.3953851
	longitude: 10.3849956
	altitude: 56.15167236328125
}
					
{
	time: 1544371995362
	latitude: 55.3953984
	longitude: 10.3850248
	altitude: 55.838134765625
}
					
{
	time: 1544371996359
	latitude: 55.3954063
	longitude: 10.3850464
	altitude: 54.9715576171875
}
					
{
	time: 1544371997359
	latitude: 55.3954152
	longitude: 10.3850751
	altitude: 54.60272216796875
}
					
{
	time: 1544371998367
	latitude: 55.3954219
	longitude: 10.3850937
	altitude: 54.58074951171875
}
					
{
	time: 1544371999376
	latitude: 55.3954262
	longitude: 10.3851146
	altitude: 54.59844970703125
}
					
{
	time: 1544372000362
	latitude: 55.3954342
	longitude: 10.3851435
	altitude: 55.4298095703125
}
					
{
	time: 1544372001359
	latitude: 55.395438
	longitude: 10.385152
	altitude: 54.87451171875
}
					
{
	time: 1544372002359
	latitude: 55.3954496
	longitude: 10.3851722
	altitude: 53.919921875
}
					
{
	time: 1544372003359
	latitude: 55.3954601
	longitude: 10.3851898
	altitude: 53.9542236328125
}
					
{
	time: 1544372004365
	latitude: 55.3954691
	longitude: 10.3852068
	altitude: 55.07806396484375
}
					
{
	time: 1544372005360
	latitude: 55.3954757
	longitude: 10.3852144
	altitude: 55.822021484375
}
					
{
	time: 1544372006360
	latitude: 55.3954839
	longitude: 10.3852223
	altitude: 56.89166259765625
}
					
{
	time: 1544372007358
	latitude: 55.395496
	longitude: 10.385239
	altitude: 56.854736328125
}
					
{
	time: 1544372008360
	latitude: 55.3955033
	longitude: 10.3852462
	altitude: 57.5885009765625
}
					
{
	time: 1544372009358
	latitude: 55.395514
	longitude: 10.385258
	altitude: 58.11822509765625
}
					
{
	time: 1544372010364
	latitude: 55.395523
	longitude: 10.3852696
	altitude: 58.7034912109375
}
					
{
	time: 1544372011362
	latitude: 55.3955259
	longitude: 10.385268
	altitude: 58.25494384765625
}
					
{
	time: 1544372012362
	latitude: 55.3955364
	longitude: 10.3852859
	altitude: 58.18402099609375
}
					
{
	time: 1544372013359
	latitude: 55.3955425
	longitude: 10.3852971
	altitude: 57.5919189453125
}
					
{
	time: 1544372014368
	latitude: 55.3955466
	longitude: 10.3853116
	altitude: 57.6044921875
}
					
{
	time: 1544372015366
	latitude: 55.3955475
	longitude: 10.3853195
	altitude: 57.78057861328125
}
					
{
	time: 1544372016359
	latitude: 55.3955483
	longitude: 10.3853306
	altitude: 57.59326171875
}
					
{
	time: 1544372017359
	latitude: 55.39555
	longitude: 10.3853436
	altitude: 58.1497802734375
}
					
{
	time: 1544372018360
	latitude: 55.3955535
	longitude: 10.385358
	altitude: 57.260009765625
}
					
{
	time: 1544372019358
	latitude: 55.3955613
	longitude: 10.3853806
	altitude: 57.44781494140625
}
					
{
	time: 1544372020359
	latitude: 55.395569
	longitude: 10.3854012
	altitude: 57.35272216796875
}
					
{
	time: 1544372021362
	latitude: 55.395574
	longitude: 10.385413
	altitude: 57.41650390625
}
					
{
	time: 1544372022359
	latitude: 55.3955819
	longitude: 10.3854341
	altitude: 57.22772216796875
}
					
{
	time: 1544372023359
	latitude: 55.3955871
	longitude: 10.385447
	altitude: 57.1485595703125
}
					
{
	time: 1544372024362
	latitude: 55.3955927
	longitude: 10.3854618
	altitude: 56.9197998046875
}
					
{
	time: 1544372025361
	latitude: 55.3955975
	longitude: 10.3854785
	altitude: 57.458740234375
}
					
{
	time: 1544372026364
	latitude: 55.3956019
	longitude: 10.3854953
	altitude: 57.57965087890625
}
					
{
	time: 1544372027358
	latitude: 55.3956085
	longitude: 10.3855192
	altitude: 57.3653564453125
}
					
{
	time: 1544372028358
	latitude: 55.3956141
	longitude: 10.3855408
	altitude: 57.13958740234375
}
					
{
	time: 1544372029359
	latitude: 55.3956203
	longitude: 10.3855704
	altitude: 56.92108154296875
}
					
{
	time: 1544372030361
	latitude: 55.3956243
	longitude: 10.3855974
	altitude: 56.75274658203125
}
					
{
	time: 1544372031361
	latitude: 55.3956252
	longitude: 10.3856054
	altitude: 56.5997314453125
}
					
{
	time: 1544372032365
	latitude: 55.3956298
	longitude: 10.3856336
	altitude: 56.6492919921875
}
					
{
	time: 1544372033361
	latitude: 55.3956329
	longitude: 10.3856516
	altitude: 54.72052001953125
}
					
{
	time: 1544372034361
	latitude: 55.3956362
	longitude: 10.3856715
	altitude: 53.2933349609375
}
					
{
	time: 1544372035362
	latitude: 55.3956404
	longitude: 10.3856911
	altitude: 53.337158203125
}
					
{
	time: 1544372036359
	latitude: 55.3956442
	longitude: 10.3857123
	altitude: 51.87994384765625
}
					
{
	time: 1544372037367
	latitude: 55.3956486
	longitude: 10.3857337
	altitude: 51.04327392578125
}
					
{
	time: 1544372038358
	latitude: 55.3956491
	longitude: 10.3857467
	altitude: 51.3328857421875
}
					
{
	time: 1544372039357
	latitude: 55.3956506
	longitude: 10.3857597
	altitude: 52.011962890625
}
					
{
	time: 1544372040359
	latitude: 55.3956539
	longitude: 10.3857743
	altitude: 51.36737060546875
}
					
{
	time: 1544372041361
	latitude: 55.3956585
	longitude: 10.3857913
	altitude: 50.60858154296875
}
					
{
	time: 1544372042358
	latitude: 55.3956635
	longitude: 10.3858103
	altitude: 50.35870361328125
}
					
{
	time: 1544372043361
	latitude: 55.3956687
	longitude: 10.3858303
	altitude: 50.7041015625
}
					
{
	time: 1544372044360
	latitude: 55.3956728
	longitude: 10.3858527
	altitude: 50.622802734375
}
					
{
	time: 1544372045360
	latitude: 55.3956762
	longitude: 10.3858746
	altitude: 50.18951416015625
}
					
{
	time: 1544372046360
	latitude: 55.3956793
	longitude: 10.3858962
	altitude: 49.99566650390625
}
					
{
	time: 1544372047360
	latitude: 55.3956818
	longitude: 10.3859174
	altitude: 50.10760498046875
}
					
{
	time: 1544372048362
	latitude: 55.3956869
	longitude: 10.3859453
	altitude: 48.2099609375
}
					
{
	time: 1544372049357
	latitude: 55.3956905
	longitude: 10.3859706
	altitude: 49.32421875
}
					
{
	time: 1544372050360
	latitude: 55.3956899
	longitude: 10.3859885
	altitude: 50.22747802734375
}
					
{
	time: 1544372051362
	latitude: 55.3956899
	longitude: 10.3860078
	altitude: 50.18719482421875
}
					
{
	time: 1544372052368
	latitude: 55.3956905
	longitude: 10.3860283
	altitude: 50.1588134765625
}
					
{
	time: 1544372053367
	latitude: 55.3956916
	longitude: 10.3860496
	altitude: 50.52398681640625
}
					
{
	time: 1544372054364
	latitude: 55.3956928
	longitude: 10.3860803
	altitude: 50.61407470703125
}
					
{
	time: 1544372055362
	latitude: 55.3956938
	longitude: 10.3861082
	altitude: 50.19110107421875
}
					
{
	time: 1544372056361
	latitude: 55.3956942
	longitude: 10.3861259
	altitude: 49.98809814453125
}
					
{
	time: 1544372057361
	latitude: 55.3956947
	longitude: 10.3861454
	altitude: 50.35211181640625
}
					
{
	time: 1544372058360
	latitude: 55.3956956
	longitude: 10.3861656
	altitude: 50.32916259765625
}
					
{
	time: 1544372059361
	latitude: 55.3956973
	longitude: 10.3861867
	altitude: 49.967529296875
}
					
{
	time: 1544372060365
	latitude: 55.3956997
	longitude: 10.3862072
	altitude: 49.97442626953125
}
					
{
	time: 1544372061362
	latitude: 55.3957025
	longitude: 10.3862276
	altitude: 50.20904541015625
}
					
{
	time: 1544372062361
	latitude: 55.3957056
	longitude: 10.3862473
	altitude: 50.48297119140625
}
					
{
	time: 1544372063358
	latitude: 55.3957101
	longitude: 10.3862744
	altitude: 50.30096435546875
}
					
{
	time: 1544372064365
	latitude: 55.3957128
	longitude: 10.3862897
	altitude: 48.796142578125
}
					
{
	time: 1544372065367
	latitude: 55.3957145
	longitude: 10.3863142
	altitude: 48.52435302734375
}
					
{
	time: 1544372066359
	latitude: 55.3957165
	longitude: 10.3863359
	altitude: 48.075927734375
}
					
{
	time: 1544372067359
	latitude: 55.3957195
	longitude: 10.3863552
	altitude: 47.09228515625
}
					
{
	time: 1544372068359
	latitude: 55.3957247
	longitude: 10.3863717
	altitude: 46.479736328125
}
					
{
	time: 1544372069359
	latitude: 55.3957299
	longitude: 10.3863872
	altitude: 46.3228759765625
}
					
{
	time: 1544372070371
	latitude: 55.3957378
	longitude: 10.3864077
	altitude: 45.64239501953125
}
					
{
	time: 1544372071371
	latitude: 55.3957442
	longitude: 10.3864132
	altitude: 44.888427734375
}
					
{
	time: 1544372072365
	latitude: 55.395754
	longitude: 10.3864233
	altitude: 42.0377197265625
}
					
{
	time: 1544372073382
	latitude: 55.3957582
	longitude: 10.3864253
	altitude: 41.708984375
}
					
{
	time: 1544372074374
	latitude: 55.3957657
	longitude: 10.3864355
	altitude: 41.34112548828125
}
					
{
	time: 1544372075383
	latitude: 55.3957627
	longitude: 10.3864425
	altitude: 41.70880126953125
}
					
{
	time: 1544372076377
	latitude: 55.3957645
	longitude: 10.3864527
	altitude: 41.491943359375
}
					
{
	time: 1544372077366
	latitude: 55.3957718
	longitude: 10.3864697
	altitude: 40.4658203125
}
					
{
	time: 1544372078366
	latitude: 55.3957783
	longitude: 10.3864896
	altitude: 39.4869384765625
}
					
{
	time: 1544372079369
	latitude: 55.3957821
	longitude: 10.3865019
	altitude: 38.97686767578125
}
					
{
	time: 1544372080377
	latitude: 55.3957901
	longitude: 10.3865234
	altitude: 39.190673828125
}
					
{
	time: 1544372081382
	latitude: 55.3957977
	longitude: 10.3865461
	altitude: 40.02459716796875
}
					
{
	time: 1544372082373
	latitude: 55.3958023
	longitude: 10.3865628
	altitude: 40.08233642578125
}
					
{
	time: 1544372083368
	latitude: 55.3958132
	longitude: 10.3865857
	altitude: 42.79608154296875
}
					
{
	time: 1544372084381
	latitude: 55.3958262
	longitude: 10.3866057
	altitude: 43.28533935546875
}
					
{
	time: 1544372085379
	latitude: 55.395836
	longitude: 10.3866172
	altitude: 43.56805419921875
}
					
{
	time: 1544372086389
	latitude: 55.3958515
	longitude: 10.3866349
	altitude: 43.92254638671875
}
					
{
	time: 1544372087365
	latitude: 55.3958599
	longitude: 10.386646
	altitude: 43.725830078125
}
					
{
	time: 1544372088397
	latitude: 55.395872
	longitude: 10.3866643
	altitude: 43.11962890625
}
					
{
	time: 1544372089378
	latitude: 55.3958829
	longitude: 10.3866831
	altitude: 42.98919677734375
}
					
{
	time: 1544372090376
	latitude: 55.3958934
	longitude: 10.3867026
	altitude: 42.08099365234375
}
					
{
	time: 1544372091360
	latitude: 55.3959002
	longitude: 10.3867146
	altitude: 42.19232177734375
}
					
{
	time: 1544372092364
	latitude: 55.39591
	longitude: 10.3867355
	altitude: 42.276123046875
}
					
{
	time: 1544372093359
	latitude: 55.3959161
	longitude: 10.3867474
	altitude: 43.52020263671875
}
					
{
	time: 1544372094369
	latitude: 55.395926
	longitude: 10.3867585
	altitude: 43.7752685546875
}
					