
{
	time: 1544372144971
	latitude: 55.396107
	longitude: 10.3877305
	altitude: 48.92852783203125
}
					
{
	time: 1544372145374
	latitude: 55.396105
	longitude: 10.3877431
	altitude: 49.14483642578125
}
					
{
	time: 1544372146363
	latitude: 55.396102
	longitude: 10.3877671
	altitude: 48.712890625
}
					
{
	time: 1544372147364
	latitude: 55.3960986
	longitude: 10.3877981
	altitude: 48.91998291015625
}
					
{
	time: 1544372148360
	latitude: 55.3960968
	longitude: 10.3878252
	altitude: 48.60711669921875
}
					
{
	time: 1544372149363
	latitude: 55.3960974
	longitude: 10.3878509
	altitude: 48.5003662109375
}
					
{
	time: 1544372149963
	latitude: 55.3960994
	longitude: 10.3878514
	altitude: 48.5003662109375
}
					
{
	time: 1544372150362
	latitude: 55.3961
	longitude: 10.3878665
	altitude: 47.7271728515625
}
					
{
	time: 1544372151358
	latitude: 55.3960968
	longitude: 10.3878898
	altitude: 48.63262939453125
}
					
{
	time: 1544372152360
	latitude: 55.396094
	longitude: 10.3879009
	altitude: 49.86468505859375
}
					
{
	time: 1544372153364
	latitude: 55.3960889
	longitude: 10.3879191
	altitude: 50.1201171875
}
					
{
	time: 1544372154361
	latitude: 55.3960839
	longitude: 10.3879336
	altitude: 51.03564453125
}
					
{
	time: 1544372155367
	latitude: 55.3960785
	longitude: 10.3879453
	altitude: 52.61956787109375
}
					
{
	time: 1544372156363
	latitude: 55.3960757
	longitude: 10.3879486
	altitude: 53.5404052734375
}
					
{
	time: 1544372157363
	latitude: 55.3960699
	longitude: 10.3879614
	altitude: 53.59429931640625
}
					
{
	time: 1544372158372
	latitude: 55.3960675
	longitude: 10.3879553
	altitude: 53.72186279296875
}
					
{
	time: 1544372159366
	latitude: 55.3960611
	longitude: 10.387963
	altitude: 54.27899169921875
}
					
{
	time: 1544372160366
	latitude: 55.3960549
	longitude: 10.3879739
	altitude: 54.8922119140625
}
					
{
	time: 1544372161365
	latitude: 55.3960505
	longitude: 10.3879819
	altitude: 54.9095458984375
}
					
{
	time: 1544372162364
	latitude: 55.3960435
	longitude: 10.3879983
	altitude: 55.02197265625
}
					
{
	time: 1544372163362
	latitude: 55.396036
	longitude: 10.3880138
	altitude: 54.78472900390625
}
					
{
	time: 1544372164362
	latitude: 55.3960289
	longitude: 10.3880362
	altitude: 55.41314697265625
}
					
{
	time: 1544372165370
	latitude: 55.3960207
	longitude: 10.3880463
	altitude: 55.88507080078125
}
					
{
	time: 1544372166366
	latitude: 55.3960117
	longitude: 10.3880653
	altitude: 56.8289794921875
}
					
{
	time: 1544372167364
	latitude: 55.3960025
	longitude: 10.3880825
	altitude: 56.54254150390625
}
					
{
	time: 1544372168363
	latitude: 55.395996
	longitude: 10.3880914
	altitude: 56.8878173828125
}
					
{
	time: 1544372169367
	latitude: 55.395986
	longitude: 10.388101
	altitude: 57.20709228515625
}
					
{
	time: 1544372170366
	latitude: 55.3959759
	longitude: 10.3881124
	altitude: 57.44354248046875
}
					
{
	time: 1544372171365
	latitude: 55.3959663
	longitude: 10.3881344
	altitude: 57.4769287109375
}
					
{
	time: 1544372172365
	latitude: 55.3959584
	longitude: 10.3881471
	altitude: 58.10382080078125
}
					
{
	time: 1544372173362
	latitude: 55.395953
	longitude: 10.3881625
	altitude: 58.33575439453125
}
					
{
	time: 1544372174362
	latitude: 55.3959463
	longitude: 10.3881796
	altitude: 57.70892333984375
}
					
{
	time: 1544372175369
	latitude: 55.3959377
	longitude: 10.3881986
	altitude: 57.66864013671875
}
					
{
	time: 1544372176366
	latitude: 55.3959291
	longitude: 10.388226
	altitude: 58.03472900390625
}
					
{
	time: 1544372177364
	latitude: 55.3959217
	longitude: 10.3882439
	altitude: 57.64453125
}
					
{
	time: 1544372178359
	latitude: 55.3959153
	longitude: 10.3882713
	altitude: 57.148193359375
}
					
{
	time: 1544372179361
	latitude: 55.3959098
	longitude: 10.3882879
	altitude: 56.43792724609375
}
					
{
	time: 1544372180365
	latitude: 55.3959032
	longitude: 10.3883142
	altitude: 55.9808349609375
}
					
{
	time: 1544372181368
	latitude: 55.395897
	longitude: 10.3883391
	altitude: 55.9095458984375
}
					
{
	time: 1544372182367
	latitude: 55.3958937
	longitude: 10.3883551
	altitude: 55.9453125
}
					
{
	time: 1544372183364
	latitude: 55.3958871
	longitude: 10.3883813
	altitude: 55.88592529296875
}
					
{
	time: 1544372184367
	latitude: 55.395882
	longitude: 10.3883981
	altitude: 55.93023681640625
}
					
{
	time: 1544372185366
	latitude: 55.3958756
	longitude: 10.3884248
	altitude: 55.878173828125
}
					
{
	time: 1544372186365
	latitude: 55.3958692
	longitude: 10.3884413
	altitude: 55.875
}
					
{
	time: 1544372187369
	latitude: 55.3958639
	longitude: 10.3884676
	altitude: 55.8565673828125
}
					
{
	time: 1544372188365
	latitude: 55.3958587
	longitude: 10.3884917
	altitude: 56.1571044921875
}
					
{
	time: 1544372189363
	latitude: 55.3958528
	longitude: 10.3885065
	altitude: 56.588134765625
}
					
{
	time: 1544372190365
	latitude: 55.3958488
	longitude: 10.388532
	altitude: 56.19525146484375
}
					
{
	time: 1544372191363
	latitude: 55.3958422
	longitude: 10.3885487
	altitude: 57.5196533203125
}
					
{
	time: 1544372192363
	latitude: 55.3958365
	longitude: 10.3885749
	altitude: 57.6229248046875
}
					
{
	time: 1544372193366
	latitude: 55.3958292
	longitude: 10.3885897
	altitude: 57.7325439453125
}
					
{
	time: 1544372194367
	latitude: 55.395819
	longitude: 10.3886132
	altitude: 57.31317138671875
}
					
{
	time: 1544372195365
	latitude: 55.3958098
	longitude: 10.388626
	altitude: 56.52783203125
}
					
{
	time: 1544372196365
	latitude: 55.3958001
	longitude: 10.3886386
	altitude: 55.73773193359375
}
					
{
	time: 1544372197372
	latitude: 55.3957884
	longitude: 10.3886492
	altitude: 56.5257568359375
}
					
{
	time: 1544372198369
	latitude: 55.395778
	longitude: 10.3886519
	altitude: 57.04705810546875
}
					
{
	time: 1544372199365
	latitude: 55.3957644
	longitude: 10.3886628
	altitude: 57.25799560546875
}
					
{
	time: 1544372200366
	latitude: 55.3957525
	longitude: 10.3886736
	altitude: 57.2615966796875
}
					
{
	time: 1544372201363
	latitude: 55.3957401
	longitude: 10.3886839
	altitude: 56.48504638671875
}
					
{
	time: 1544372202365
	latitude: 55.3957289
	longitude: 10.3886857
	altitude: 56.40234375
}
					
{
	time: 1544372203368
	latitude: 55.3957149
	longitude: 10.3886957
	altitude: 55.347412109375
}
					
{
	time: 1544372204364
	latitude: 55.3957024
	longitude: 10.3887057
	altitude: 55.7799072265625
}
					
{
	time: 1544372205362
	latitude: 55.3956927
	longitude: 10.3887122
	altitude: 55.79095458984375
}
					
{
	time: 1544372206365
	latitude: 55.3956822
	longitude: 10.3887289
	altitude: 55.1043701171875
}
					
{
	time: 1544372207364
	latitude: 55.3956735
	longitude: 10.3887396
	altitude: 54.58953857421875
}
					
{
	time: 1544372208370
	latitude: 55.3956582
	longitude: 10.3887623
	altitude: 54.1475830078125
}
					
{
	time: 1544372209363
	latitude: 55.3956453
	longitude: 10.3887836
	altitude: 54.0418701171875
}
					
{
	time: 1544372210363
	latitude: 55.3956349
	longitude: 10.3887946
	altitude: 54.304443359375
}
					
{
	time: 1544372211365
	latitude: 55.3956223
	longitude: 10.3888146
	altitude: 54.68768310546875
}
					
{
	time: 1544372212365
	latitude: 55.3956149
	longitude: 10.3888262
	altitude: 54.63720703125
}
					
{
	time: 1544372213366
	latitude: 55.395612
	longitude: 10.388848
	altitude: 54.4298095703125
}
					
{
	time: 1544372214365
	latitude: 55.3956054
	longitude: 10.3888529
	altitude: 54.14837646484375
}
					
{
	time: 1544372215364
	latitude: 55.3956022
	longitude: 10.3888711
	altitude: 53.91064453125
}
					
{
	time: 1544372216365
	latitude: 55.3956033
	longitude: 10.3888948
	altitude: 53.123779296875
}
					
{
	time: 1544372217361
	latitude: 55.3956001
	longitude: 10.3889119
	altitude: 52.7802734375
}
					
{
	time: 1544372218363
	latitude: 55.3955973
	longitude: 10.388931
	altitude: 52.95751953125
}
					
{
	time: 1544372219362
	latitude: 55.3955993
	longitude: 10.388957
	altitude: 51.499267578125
}
					
{
	time: 1544372220369
	latitude: 55.3956028
	longitude: 10.3889802
	altitude: 51.40533447265625
}
					
{
	time: 1544372221370
	latitude: 55.3956039
	longitude: 10.3889942
	altitude: 51.84613037109375
}
					
{
	time: 1544372222365
	latitude: 55.3956088
	longitude: 10.3890169
	altitude: 50.4776611328125
}
					
{
	time: 1544372223365
	latitude: 55.3956115
	longitude: 10.3890415
	altitude: 50.29876708984375
}
					
{
	time: 1544372224364
	latitude: 55.3956098
	longitude: 10.3890612
	altitude: 49.6448974609375
}
					
{
	time: 1544372225364
	latitude: 55.395611
	longitude: 10.3890805
	altitude: 50.00299072265625
}
					
{
	time: 1544372226366
	latitude: 55.3956126
	longitude: 10.3891017
	altitude: 49.9337158203125
}
					
{
	time: 1544372227362
	latitude: 55.3956164
	longitude: 10.3891214
	altitude: 50.222900390625
}
					
{
	time: 1544372228361
	latitude: 55.3956191
	longitude: 10.3891347
	altitude: 51.9637451171875
}
					
{
	time: 1544372229365
	latitude: 55.3956254
	longitude: 10.3891574
	altitude: 51.19647216796875
}
					
{
	time: 1544372230365
	latitude: 55.3956306
	longitude: 10.3891794
	altitude: 51.881103515625
}
					
{
	time: 1544372231374
	latitude: 55.3956357
	longitude: 10.3892001
	altitude: 51.45574951171875
}
					
{
	time: 1544372232368
	latitude: 55.3956419
	longitude: 10.3892276
	altitude: 51.2413330078125
}
					
{
	time: 1544372233365
	latitude: 55.3956464
	longitude: 10.3892528
	altitude: 51.23651123046875
}
					
{
	time: 1544372234366
	latitude: 55.395649
	longitude: 10.389278
	altitude: 51.94866943359375
}
					
{
	time: 1544372235364
	latitude: 55.3956496
	longitude: 10.3893025
	altitude: 52.58343505859375
}
					
{
	time: 1544372236367
	latitude: 55.3956499
	longitude: 10.3893179
	altitude: 52.61334228515625
}
					
{
	time: 1544372237369
	latitude: 55.3956499
	longitude: 10.3893358
	altitude: 53.10125732421875
}
					
{
	time: 1544372238372
	latitude: 55.3956501
	longitude: 10.3893544
	altitude: 53.31103515625
}
					
{
	time: 1544372239366
	latitude: 55.3956531
	longitude: 10.3893807
	altitude: 53.13690185546875
}
					
{
	time: 1544372240365
	latitude: 55.3956522
	longitude: 10.3893983
	altitude: 54.0321044921875
}
					
{
	time: 1544372241370
	latitude: 55.395651
	longitude: 10.389418
	altitude: 53.58123779296875
}
					
{
	time: 1544372242371
	latitude: 55.3956482
	longitude: 10.3894327
	altitude: 53.1932373046875
}
					
{
	time: 1544372243367
	latitude: 55.3956461
	longitude: 10.3894649
	altitude: 52.661376953125
}
					
{
	time: 1544372244364
	latitude: 55.3956446
	longitude: 10.3894929
	altitude: 52.29205322265625
}
					
{
	time: 1544372245366
	latitude: 55.3956405
	longitude: 10.3895109
	altitude: 52.439208984375
}
					
{
	time: 1544372246365
	latitude: 55.3956356
	longitude: 10.3895379
	altitude: 51.97265625
}
					
{
	time: 1544372247368
	latitude: 55.3956277
	longitude: 10.3895623
	altitude: 51.1549072265625
}
					
{
	time: 1544372248368
	latitude: 55.3956215
	longitude: 10.3895695
	altitude: 51.17303466796875
}
					
{
	time: 1544372249369
	latitude: 55.3956048
	longitude: 10.3895972
	altitude: 51.4935302734375
}
					
{
	time: 1544372250367
	latitude: 55.3955962
	longitude: 10.3896062
	altitude: 50.91796875
}
					
{
	time: 1544372251368
	latitude: 55.395584
	longitude: 10.389622
	altitude: 50.9522705078125
}
					
{
	time: 1544372252364
	latitude: 55.395572
	longitude: 10.3896365
	altitude: 51.00018310546875
}
					
{
	time: 1544372253368
	latitude: 55.395558
	longitude: 10.3896455
	altitude: 50.9698486328125
}
					
{
	time: 1544372254367
	latitude: 55.3955449
	longitude: 10.389656
	altitude: 51.48193359375
}
					
{
	time: 1544372255364
	latitude: 55.3955369
	longitude: 10.3896626
	altitude: 51.91961669921875
}
					
{
	time: 1544372256364
	latitude: 55.3955253
	longitude: 10.389676
	altitude: 52.74322509765625
}
					
{
	time: 1544372257364
	latitude: 55.3955156
	longitude: 10.3896886
	altitude: 52.9228515625
}
					
{
	time: 1544372258364
	latitude: 55.3955109
	longitude: 10.3896936
	altitude: 52.75714111328125
}
					
{
	time: 1544372259368
	latitude: 55.3955025
	longitude: 10.3897059
	altitude: 53.00518798828125
}
					
{
	time: 1544372260366
	latitude: 55.3954941
	longitude: 10.3897154
	altitude: 52.932373046875
}
					
{
	time: 1544372261360
	latitude: 55.3954893
	longitude: 10.3897167
	altitude: 53.1180419921875
}
					
{
	time: 1544372262362
	latitude: 55.3954838
	longitude: 10.3897198
	altitude: 53.7552490234375
}
					
{
	time: 1544372263362
	latitude: 55.3954751
	longitude: 10.3897319
	altitude: 54.1734619140625
}
					
{
	time: 1544372264365
	latitude: 55.3954666
	longitude: 10.3897427
	altitude: 55.06268310546875
}
					
{
	time: 1544372265366
	latitude: 55.3954617
	longitude: 10.389746
	altitude: 55.7105712890625
}
					
{
	time: 1544372266367
	latitude: 55.395453
	longitude: 10.3897568
	altitude: 55.85614013671875
}
					
{
	time: 1544372267365
	latitude: 55.3954483
	longitude: 10.3897591
	altitude: 55.96478271484375
}
					
{
	time: 1544372268359
	latitude: 55.3954419
	longitude: 10.3897614
	altitude: 55.99542236328125
}
					
{
	time: 1544372269361
	latitude: 55.3954318
	longitude: 10.3897726
	altitude: 55.291748046875
}
					
{
	time: 1544372270373
	latitude: 55.3954228
	longitude: 10.3897833
	altitude: 55.67510986328125
}
					
{
	time: 1544372271363
	latitude: 55.3954136
	longitude: 10.3897911
	altitude: 55.39447021484375
}
					
{
	time: 1544372272363
	latitude: 55.3954078
	longitude: 10.3897913
	altitude: 54.974853515625
}
					
{
	time: 1544372273365
	latitude: 55.3953987
	longitude: 10.3898021
	altitude: 54.51959228515625
}
					
{
	time: 1544372274364
	latitude: 55.3953887
	longitude: 10.3898115
	altitude: 54.2655029296875
}
					
{
	time: 1544372275369
	latitude: 55.3953775
	longitude: 10.3898198
	altitude: 54.55682373046875
}
					
{
	time: 1544372276366
	latitude: 55.3953691
	longitude: 10.3898207
	altitude: 54.17315673828125
}
					
{
	time: 1544372277362
	latitude: 55.3953582
	longitude: 10.3898319
	altitude: 54.2891845703125
}
					
{
	time: 1544372278364
	latitude: 55.3953484
	longitude: 10.3898431
	altitude: 54.1043701171875
}
					
{
	time: 1544372279365
	latitude: 55.3953382
	longitude: 10.3898521
	altitude: 54.2349853515625
}
					
{
	time: 1544372280362
	latitude: 55.3953327
	longitude: 10.3898555
	altitude: 54.211669921875
}
					
{
	time: 1544372281377
	latitude: 55.3953229
	longitude: 10.3898671
	altitude: 54.03271484375
}
					
{
	time: 1544372282365
	latitude: 55.3953149
	longitude: 10.3898702
	altitude: 53.51165771484375
}
					
{
	time: 1544372283363
	latitude: 55.3953057
	longitude: 10.3898755
	altitude: 53.8082275390625
}
					
{
	time: 1544372284364
	latitude: 55.3952933
	longitude: 10.3898901
	altitude: 54.2550048828125
}
					
{
	time: 1544372285364
	latitude: 55.3952805
	longitude: 10.3899025
	altitude: 53.934814453125
}
					
{
	time: 1544372286361
	latitude: 55.3952732
	longitude: 10.3898988
	altitude: 53.0465087890625
}
					
{
	time: 1544372287364
	latitude: 55.3952581
	longitude: 10.3899099
	altitude: 52.63226318359375
}
					
{
	time: 1544372288364
	latitude: 55.3952465
	longitude: 10.389923
	altitude: 51.916259765625
}
					
{
	time: 1544372289363
	latitude: 55.3952356
	longitude: 10.3899355
	altitude: 51.61981201171875
}
					
{
	time: 1544372290367
	latitude: 55.3952237
	longitude: 10.3899455
	altitude: 51.42816162109375
}
					
{
	time: 1544372291371
	latitude: 55.3952124
	longitude: 10.3899534
	altitude: 50.90460205078125
}
					
{
	time: 1544372292371
	latitude: 55.3952025
	longitude: 10.389957
	altitude: 51.31890869140625
}
					
{
	time: 1544372293364
	latitude: 55.3951939
	longitude: 10.3899685
	altitude: 50.02069091796875
}
					
{
	time: 1544372294363
	latitude: 55.3951844
	longitude: 10.389971
	altitude: 50.15252685546875
}
					
{
	time: 1544372295364
	latitude: 55.3951715
	longitude: 10.3899842
	altitude: 49.75146484375
}
					
{
	time: 1544372296364
	latitude: 55.3951615
	longitude: 10.3899988
	altitude: 49.8131103515625
}
					
{
	time: 1544372297363
	latitude: 55.3951523
	longitude: 10.3900134
	altitude: 49.33984375
}
					
{
	time: 1544372298366
	latitude: 55.3951471
	longitude: 10.3900205
	altitude: 49.24951171875
}
					
{
	time: 1544372299362
	latitude: 55.3951449
	longitude: 10.3900393
	altitude: 49.02398681640625
}
					
{
	time: 1544372300365
	latitude: 55.3951454
	longitude: 10.3900572
	altitude: 48.69500732421875
}
					
{
	time: 1544372301362
	latitude: 55.395146
	longitude: 10.3900669
	altitude: 48.80987548828125
}
					
{
	time: 1544372302363
	latitude: 55.3951529
	longitude: 10.3900836
	altitude: 48.07421875
}
					
{
	time: 1544372303366
	latitude: 55.3951601
	longitude: 10.3901009
	altitude: 47.75897216796875
}
					
{
	time: 1544372304363
	latitude: 55.3951637
	longitude: 10.3901134
	altitude: 46.63323974609375
}
					
{
	time: 1544372305364
	latitude: 55.3951684
	longitude: 10.390127
	altitude: 46.20758056640625
}
					
{
	time: 1544372306366
	latitude: 55.3951728
	longitude: 10.3901429
	altitude: 46.27703857421875
}
					
{
	time: 1544372307364
	latitude: 55.3951783
	longitude: 10.3901685
	altitude: 46.60015869140625
}
					
{
	time: 1544372308370
	latitude: 55.3951823
	longitude: 10.3901931
	altitude: 47.286865234375
}
					
{
	time: 1544372309367
	latitude: 55.3951814
	longitude: 10.39022
	altitude: 47.219970703125
}
					
{
	time: 1544372310367
	latitude: 55.3951815
	longitude: 10.3902373
	altitude: 47.65521240234375
}
					
{
	time: 1544372311363
	latitude: 55.3951833
	longitude: 10.3902557
	altitude: 47.56256103515625
}
					
{
	time: 1544372312365
	latitude: 55.3951893
	longitude: 10.3902809
	altitude: 47.63226318359375
}
					
{
	time: 1544372313388
	latitude: 55.3951918
	longitude: 10.3902978
	altitude: 48.092529296875
}
					
{
	time: 1544372314364
	latitude: 55.3951946
	longitude: 10.3903166
	altitude: 48.570556640625
}
					
{
	time: 1544372315364
	latitude: 55.3951943
	longitude: 10.3903387
	altitude: 48.146240234375
}
					
{
	time: 1544372316371
	latitude: 55.3951931
	longitude: 10.3903677
	altitude: 48.8758544921875
}
					
{
	time: 1544372317366
	latitude: 55.3951918
	longitude: 10.3903839
	altitude: 48.44537353515625
}
					
{
	time: 1544372318364
	latitude: 55.3951905
	longitude: 10.3904085
	altitude: 48.9647216796875
}
					
{
	time: 1544372319371
	latitude: 55.3951899
	longitude: 10.3904308
	altitude: 48.962158203125
}
					
{
	time: 1544372320363
	latitude: 55.3951945
	longitude: 10.3904442
	altitude: 49.75830078125
}
					
{
	time: 1544372321362
	latitude: 55.3951995
	longitude: 10.3904587
	altitude: 50.1234130859375
}
					
{
	time: 1544372322364
	latitude: 55.3952041
	longitude: 10.3904828
	altitude: 49.69854736328125
}
					
{
	time: 1544372323365
	latitude: 55.3952104
	longitude: 10.390497
	altitude: 49.8563232421875
}
					
{
	time: 1544372324365
	latitude: 55.3952158
	longitude: 10.3905211
	altitude: 50.186767578125
}
					
{
	time: 1544372325363
	latitude: 55.3952228
	longitude: 10.3905432
	altitude: 49.5965576171875
}
					
{
	time: 1544372326363
	latitude: 55.3952291
	longitude: 10.390555
	altitude: 50.43182373046875
}
					
{
	time: 1544372327362
	latitude: 55.3952344
	longitude: 10.3905772
	altitude: 50.409912109375
}
					
{
	time: 1544372328361
	latitude: 55.3952406
	longitude: 10.3905988
	altitude: 50.40972900390625
}
					
{
	time: 1544372329364
	latitude: 55.3952472
	longitude: 10.3906197
	altitude: 50.703125
}
					
{
	time: 1544372330370
	latitude: 55.3952549
	longitude: 10.3906316
	altitude: 49.9368896484375
}
					
{
	time: 1544372331364
	latitude: 55.395264
	longitude: 10.390646
	altitude: 49.5928955078125
}
					
{
	time: 1544372332363
	latitude: 55.3952749
	longitude: 10.3906696
	altitude: 49.11932373046875
}
					
{
	time: 1544372333364
	latitude: 55.3952835
	longitude: 10.3906933
	altitude: 48.24737548828125
}
					
{
	time: 1544372334364
	latitude: 55.3952884
	longitude: 10.3907088
	altitude: 48.50360107421875
}
					
{
	time: 1544372335360
	latitude: 55.3952953
	longitude: 10.390726
	altitude: 48.94989013671875
}
					
{
	time: 1544372336375
	latitude: 55.3953036
	longitude: 10.3907525
	altitude: 49.03228759765625
}
					
{
	time: 1544372337368
	latitude: 55.3953087
	longitude: 10.3907698
	altitude: 49.15118408203125
}
					
{
	time: 1544372338362
	latitude: 55.3953119
	longitude: 10.3907816
	altitude: 49.25177001953125
}
					
{
	time: 1544372339362
	latitude: 55.3953184
	longitude: 10.3908115
	altitude: 49.11480712890625
}
					
{
	time: 1544372340370
	latitude: 55.395323
	longitude: 10.3908305
	altitude: 49.1409912109375
}
					
{
	time: 1544372341366
	latitude: 55.3953271
	longitude: 10.39085
	altitude: 48.94683837890625
}
					
{
	time: 1544372342363
	latitude: 55.3953307
	longitude: 10.3908696
	altitude: 48.70269775390625
}
					
{
	time: 1544372343364
	latitude: 55.3953361
	longitude: 10.3908968
	altitude: 49.0084228515625
}
					
{
	time: 1544372344368
	latitude: 55.3953416
	longitude: 10.3909217
	altitude: 49.2469482421875
}
					
{
	time: 1544372345369
	latitude: 55.3953436
	longitude: 10.3909303
	altitude: 49.99932861328125
}
					
{
	time: 1544372346366
	latitude: 55.3953482
	longitude: 10.3909585
	altitude: 49.72564697265625
}
					
{
	time: 1544372347374
	latitude: 55.3953524
	longitude: 10.3909751
	altitude: 48.719482421875
}
					
{
	time: 1544372348365
	latitude: 55.3953575
	longitude: 10.3910011
	altitude: 48.70977783203125
}
					
{
	time: 1544372349359
	latitude: 55.3953624
	longitude: 10.3910253
	altitude: 47.59771728515625
}
					
{
	time: 1544372350367
	latitude: 55.3953662
	longitude: 10.3910401
	altitude: 48.117919921875
}
					
{
	time: 1544372351363
	latitude: 55.3953679
	longitude: 10.3910565
	altitude: 49.0267333984375
}
					
{
	time: 1544372352363
	latitude: 55.3953734
	longitude: 10.3910827
	altitude: 48.98724365234375
}
					
{
	time: 1544372353369
	latitude: 55.3953797
	longitude: 10.391107
	altitude: 49.37744140625
}
					
{
	time: 1544372354366
	latitude: 55.3953836
	longitude: 10.3911233
	altitude: 49.12933349609375
}
					
{
	time: 1544372355365
	latitude: 55.395388
	longitude: 10.3911497
	altitude: 49.440673828125
}
					
{
	time: 1544372356364
	latitude: 55.395393
	longitude: 10.3911663
	altitude: 49.58819580078125
}
					
{
	time: 1544372357366
	latitude: 55.3953967
	longitude: 10.3911933
	altitude: 49.3851318359375
}
					
{
	time: 1544372358368
	latitude: 55.3954003
	longitude: 10.3912024
	altitude: 48.87139892578125
}
					
{
	time: 1544372359366
	latitude: 55.3954044
	longitude: 10.3912244
	altitude: 48.93145751953125
}
					
{
	time: 1544372360368
	latitude: 55.3954083
	longitude: 10.3912533
	altitude: 48.11944580078125
}
					
{
	time: 1544372361372
	latitude: 55.3954123
	longitude: 10.3912793
	altitude: 47.86370849609375
}
					
{
	time: 1544372362367
	latitude: 55.3954168
	longitude: 10.3912949
	altitude: 47.08892822265625
}
					
{
	time: 1544372363366
	latitude: 55.3954231
	longitude: 10.3913198
	altitude: 45.96673583984375
}
					
{
	time: 1544372364366
	latitude: 55.3954275
	longitude: 10.3913439
	altitude: 46.388427734375
}
					
{
	time: 1544372365365
	latitude: 55.3954306
	longitude: 10.391367
	altitude: 46.502685546875
}
					
{
	time: 1544372366363
	latitude: 55.3954333
	longitude: 10.3913812
	altitude: 47.10113525390625
}
					
{
	time: 1544372367364
	latitude: 55.3954363
	longitude: 10.3913985
	altitude: 46.95263671875
}
					
{
	time: 1544372368365
	latitude: 55.3954391
	longitude: 10.3914254
	altitude: 47.08917236328125
}
					
{
	time: 1544372369366
	latitude: 55.3954419
	longitude: 10.3914424
	altitude: 47.32611083984375
}
					
{
	time: 1544372370366
	latitude: 55.3954435
	longitude: 10.3914608
	altitude: 46.59124755859375
}
					
{
	time: 1544372371365
	latitude: 55.3954457
	longitude: 10.3914798
	altitude: 46.15655517578125
}
					
{
	time: 1544372372367
	latitude: 55.3954459
	longitude: 10.3915079
	altitude: 45.775390625
}
					
{
	time: 1544372373362
	latitude: 55.3954469
	longitude: 10.3915256
	altitude: 46.7611083984375
}
					
{
	time: 1544372374368
	latitude: 55.3954481
	longitude: 10.3915534
	altitude: 47.25665283203125
}
					
{
	time: 1544372375367
	latitude: 55.3954472
	longitude: 10.391579
	altitude: 47.2630615234375
}
					
{
	time: 1544372376368
	latitude: 55.3954482
	longitude: 10.3915964
	altitude: 47.6920166015625
}
					
{
	time: 1544372377366
	latitude: 55.3954475
	longitude: 10.3916156
	altitude: 47.78924560546875
}
					
{
	time: 1544372378362
	latitude: 55.3954442
	longitude: 10.3916437
	altitude: 48.1888427734375
}
					
{
	time: 1544372379368
	latitude: 55.3954424
	longitude: 10.3916711
	altitude: 47.60577392578125
}
					
{
	time: 1544372380369
	latitude: 55.3954437
	longitude: 10.3916823
	altitude: 47.57989501953125
}
					
{
	time: 1544372381366
	latitude: 55.3954408
	longitude: 10.3917126
	altitude: 47.75213623046875
}
					
{
	time: 1544372382374
	latitude: 55.3954401
	longitude: 10.3917407
	altitude: 47.736572265625
}
					
{
	time: 1544372383369
	latitude: 55.3954415
	longitude: 10.3917589
	altitude: 46.33050537109375
}
					
{
	time: 1544372384371
	latitude: 55.3954434
	longitude: 10.3917864
	altitude: 46.468017578125
}
					
{
	time: 1544372385365
	latitude: 55.3954495
	longitude: 10.3918105
	altitude: 46.62701416015625
}
					
{
	time: 1544372386365
	latitude: 55.3954566
	longitude: 10.3918327
	altitude: 46.6717529296875
}
					
{
	time: 1544372387365
	latitude: 55.3954656
	longitude: 10.3918505
	altitude: 46.937744140625
}
					
{
	time: 1544372388364
	latitude: 55.3954704
	longitude: 10.3918619
	altitude: 47.6595458984375
}
					
{
	time: 1544372389363
	latitude: 55.3954755
	longitude: 10.391876
	altitude: 47.6021728515625
}
					
{
	time: 1544372390364
	latitude: 55.3954819
	longitude: 10.3918891
	altitude: 47.45849609375
}
					
{
	time: 1544372391366
	latitude: 55.3954919
	longitude: 10.3919079
	altitude: 47.55206298828125
}
					
{
	time: 1544372392362
	latitude: 55.3954971
	longitude: 10.391919
	altitude: 47.796875
}
					
{
	time: 1544372393372
	latitude: 55.3955037
	longitude: 10.3919414
	altitude: 47.38885498046875
}
					
{
	time: 1544372394378
	latitude: 55.3955055
	longitude: 10.3919427
	altitude: 46.85211181640625
}
					
{
	time: 1544372395364
	latitude: 55.395513
	longitude: 10.3919637
	altitude: 47.471923828125
}
					
{
	time: 1544372396360
	latitude: 55.395519
	longitude: 10.3919853
	altitude: 46.786376953125
}
					
{
	time: 1544372397363
	latitude: 55.3955225
	longitude: 10.3919938
	altitude: 46.74725341796875
}
					
{
	time: 1544372398362
	latitude: 55.3955283
	longitude: 10.3920124
	altitude: 46.736572265625
}
					
{
	time: 1544372399362
	latitude: 55.3955345
	longitude: 10.3920292
	altitude: 46.6856689453125
}
					
{
	time: 1544372400360
	latitude: 55.3955373
	longitude: 10.3920363
	altitude: 46.5814208984375
}
					
{
	time: 1544372401365
	latitude: 55.3955451
	longitude: 10.3920561
	altitude: 45.44793701171875
}
					
{
	time: 1544372402369
	latitude: 55.395555
	longitude: 10.3920761
	altitude: 44.41156005859375
}
					
{
	time: 1544372403366
	latitude: 55.3955647
	longitude: 10.3920921
	altitude: 45.8572998046875
}
					
{
	time: 1544372404372
	latitude: 55.3955774
	longitude: 10.3921157
	altitude: 47.041015625
}
					
{
	time: 1544372405365
	latitude: 55.3955889
	longitude: 10.3921281
	altitude: 46.40289306640625
}
					
{
	time: 1544372406366
	latitude: 55.3955996
	longitude: 10.3921413
	altitude: 47.0413818359375
}
					
{
	time: 1544372407371
	latitude: 55.3956114
	longitude: 10.392156
	altitude: 48.20220947265625
}
					
{
	time: 1544372408365
	latitude: 55.3956251
	longitude: 10.3921733
	altitude: 48.45684814453125
}
					
{
	time: 1544372409364
	latitude: 55.395638
	longitude: 10.3921872
	altitude: 49.4945068359375
}
					
{
	time: 1544372410368
	latitude: 55.3956469
	longitude: 10.3921914
	altitude: 49.62933349609375
}
					
{
	time: 1544372411370
	latitude: 55.3956606
	longitude: 10.3922033
	altitude: 48.69403076171875
}
					
{
	time: 1544372412366
	latitude: 55.3956722
	longitude: 10.3922054
	altitude: 48.62469482421875
}
					
{
	time: 1544372413368
	latitude: 55.3956849
	longitude: 10.3922074
	altitude: 47.62615966796875
}
					
{
	time: 1544372414366
	latitude: 55.3956979
	longitude: 10.3922128
	altitude: 46.78094482421875
}
					
{
	time: 1544372415367
	latitude: 55.3957124
	longitude: 10.3922192
	altitude: 46.49029541015625
}
					
{
	time: 1544372416367
	latitude: 55.3957247
	longitude: 10.3922277
	altitude: 45.55157470703125
}
					
{
	time: 1544372417368
	latitude: 55.3957419
	longitude: 10.3922406
	altitude: 44.07183837890625
}
					
{
	time: 1544372418370
	latitude: 55.3957531
	longitude: 10.3922472
	altitude: 43.36419677734375
}
					
{
	time: 1544372419365
	latitude: 55.395764
	longitude: 10.3922568
	altitude: 42.7392578125
}
					
{
	time: 1544372420365
	latitude: 55.395779
	longitude: 10.3922715
	altitude: 42.496337890625
}
					
{
	time: 1544372421366
	latitude: 55.3957931
	longitude: 10.3922834
	altitude: 42.75091552734375
}
					
{
	time: 1544372422365
	latitude: 55.3958036
	longitude: 10.3922878
	altitude: 43.061279296875
}
					
{
	time: 1544372423376
	latitude: 55.3958171
	longitude: 10.3923011
	altitude: 43.03118896484375
}
					
{
	time: 1544372424367
	latitude: 55.3958313
	longitude: 10.3923107
	altitude: 43.312255859375
}
					
{
	time: 1544372425367
	latitude: 55.3958419
	longitude: 10.3923129
	altitude: 43.47991943359375
}
					
{
	time: 1544372426369
	latitude: 55.3958572
	longitude: 10.3923219
	altitude: 43.59613037109375
}
					
{
	time: 1544372427362
	latitude: 55.3958684
	longitude: 10.3923254
	altitude: 44.80792236328125
}
					
{
	time: 1544372428363
	latitude: 55.3958809
	longitude: 10.3923288
	altitude: 45.08172607421875
}
					
{
	time: 1544372429366
	latitude: 55.3958955
	longitude: 10.3923424
	altitude: 45.398681640625
}
					
{
	time: 1544372430364
	latitude: 55.3959096
	longitude: 10.3923548
	altitude: 46.294189453125
}
					
{
	time: 1544372431367
	latitude: 55.3959191
	longitude: 10.3923586
	altitude: 46.34381103515625
}
					
{
	time: 1544372432367
	latitude: 55.3959317
	longitude: 10.3923708
	altitude: 46.14117431640625
}
					
{
	time: 1544372433366
	latitude: 55.3959418
	longitude: 10.3923724
	altitude: 46.25567626953125
}
					
{
	time: 1544372434370
	latitude: 55.3959505
	longitude: 10.3923779
	altitude: 46.623291015625
}
					
{
	time: 1544372435373
	latitude: 55.3959603
	longitude: 10.3923927
	altitude: 46.1746826171875
}
					
{
	time: 1544372436373
	latitude: 55.3959685
	longitude: 10.3923967
	altitude: 47.2352294921875
}
					
{
	time: 1544372437379
	latitude: 55.3959756
	longitude: 10.3924022
	altitude: 47.87371826171875
}
					
{
	time: 1544372438386
	latitude: 55.3959823
	longitude: 10.3924099
	altitude: 48.41619873046875
}
					
{
	time: 1544372439389
	latitude: 55.3959921
	longitude: 10.3924252
	altitude: 49.390625
}
					
{
	time: 1544372440381
	latitude: 55.3960001
	longitude: 10.3924289
	altitude: 49.5225830078125
}
					
{
	time: 1544372441379
	latitude: 55.3960094
	longitude: 10.3924446
	altitude: 50.53192138671875
}
					
{
	time: 1544372442376
	latitude: 55.3960163
	longitude: 10.3924618
	altitude: 51.145751953125
}
					
{
	time: 1544372443381
	latitude: 55.3960229
	longitude: 10.3924699
	altitude: 51.3126220703125
}
					
{
	time: 1544372444384
	latitude: 55.396032
	longitude: 10.3924868
	altitude: 51.322021484375
}
					
{
	time: 1544372445384
	latitude: 55.3960384
	longitude: 10.3924953
	altitude: 50.83367919921875
}
					
{
	time: 1544372446381
	latitude: 55.3960467
	longitude: 10.3925138
	altitude: 50.52142333984375
}
					
{
	time: 1544372447381
	latitude: 55.3960531
	longitude: 10.3925319
	altitude: 50.79052734375
}
					
{
	time: 1544372448380
	latitude: 55.3960582
	longitude: 10.3925408
	altitude: 49.8709716796875
}
					
{
	time: 1544372449382
	latitude: 55.3960626
	longitude: 10.392544
	altitude: 49.65386962890625
}
					
{
	time: 1544372450385
	latitude: 55.3960703
	longitude: 10.3925579
	altitude: 49.717529296875
}
					
{
	time: 1544372451380
	latitude: 55.3960774
	longitude: 10.3925724
	altitude: 49.4268798828125
}
					
{
	time: 1544372452385
	latitude: 55.3960843
	longitude: 10.3925962
	altitude: 50.12396240234375
}
					
{
	time: 1544372453394
	latitude: 55.3960902
	longitude: 10.3926098
	altitude: 50.26226806640625
}
					
{
	time: 1544372454376
	latitude: 55.3960975
	longitude: 10.392633
	altitude: 51.01409912109375
}
					
{
	time: 1544372455384
	latitude: 55.3961039
	longitude: 10.392638
	altitude: 51.4725341796875
}
					
{
	time: 1544372456386
	latitude: 55.3961109
	longitude: 10.3926637
	altitude: 50.8399658203125
}
					
{
	time: 1544372457380
	latitude: 55.3961173
	longitude: 10.3926802
	altitude: 50.0389404296875
}
					
{
	time: 1544372458383
	latitude: 55.3961231
	longitude: 10.3927064
	altitude: 49.427490234375
}
					
{
	time: 1544372459382
	latitude: 55.3961282
	longitude: 10.3927222
	altitude: 49.31011962890625
}
					
{
	time: 1544372460381
	latitude: 55.3961324
	longitude: 10.392748
	altitude: 48.4228515625
}
					
{
	time: 1544372461382
	latitude: 55.3961364
	longitude: 10.3927716
	altitude: 48.09368896484375
}
					
{
	time: 1544372462383
	latitude: 55.396141
	longitude: 10.3927851
	altitude: 47.80389404296875
}
					
{
	time: 1544372463380
	latitude: 55.3961439
	longitude: 10.3928086
	altitude: 47.5428466796875
}
					
{
	time: 1544372464383
	latitude: 55.3961475
	longitude: 10.3928306
	altitude: 47.54925537109375
}
					
{
	time: 1544372465376
	latitude: 55.3961523
	longitude: 10.3928425
	altitude: 47.1519775390625
}
					
{
	time: 1544372466388
	latitude: 55.3961577
	longitude: 10.3928563
	altitude: 47.35882568359375
}
					
{
	time: 1544372467386
	latitude: 55.3961617
	longitude: 10.3928802
	altitude: 46.95068359375
}
					
{
	time: 1544372468376
	latitude: 55.3961663
	longitude: 10.3928935
	altitude: 47.0716552734375
}
					
{
	time: 1544372469377
	latitude: 55.3961704
	longitude: 10.3929167
	altitude: 46.528564453125
}
					
{
	time: 1544372470382
	latitude: 55.396173
	longitude: 10.3929293
	altitude: 45.8973388671875
}
					
{
	time: 1544372471387
	latitude: 55.3961764
	longitude: 10.3929443
	altitude: 46.03692626953125
}
					
{
	time: 1544372472388
	latitude: 55.3961817
	longitude: 10.3929688
	altitude: 46.435546875
}
					
{
	time: 1544372473385
	latitude: 55.3961868
	longitude: 10.3929835
	altitude: 46.50347900390625
}
					
{
	time: 1544372474386
	latitude: 55.3961929
	longitude: 10.3930086
	altitude: 46.56390380859375
}
					
{
	time: 1544372475383
	latitude: 55.3961955
	longitude: 10.3930323
	altitude: 46.96282958984375
}
					
{
	time: 1544372476385
	latitude: 55.3961983
	longitude: 10.3930477
	altitude: 47.678955078125
}
					
{
	time: 1544372477382
	latitude: 55.3962048
	longitude: 10.3930738
	altitude: 48.07568359375
}
					
{
	time: 1544372478387
	latitude: 55.3962162
	longitude: 10.3930934
	altitude: 48.74383544921875
}
					
{
	time: 1544372479386
	latitude: 55.3962254
	longitude: 10.393104
	altitude: 48.70550537109375
}
					
{
	time: 1544372480385
	latitude: 55.3962363
	longitude: 10.3931253
	altitude: 49.434326171875
}
					
{
	time: 1544372481382
	latitude: 55.3962471
	longitude: 10.3931435
	altitude: 49.19720458984375
}
					
{
	time: 1544372482371
	latitude: 55.3962549
	longitude: 10.3931537
	altitude: 49.15179443359375
}
					
{
	time: 1544372483366
	latitude: 55.3962672
	longitude: 10.3931679
	altitude: 49.8428955078125
}
					
{
	time: 1544372484368
	latitude: 55.3962774
	longitude: 10.3931814
	altitude: 50.2227783203125
}
					
{
	time: 1544372485363
	latitude: 55.3962852
	longitude: 10.3931867
	altitude: 50.6905517578125
}
					
{
	time: 1544372486365
	latitude: 55.3962982
	longitude: 10.3931954
	altitude: 49.96966552734375
}
					
{
	time: 1544372487363
	latitude: 55.3963008
	longitude: 10.3931941
	altitude: 49.4322509765625
}
					
{
	time: 1544372488365
	latitude: 55.3963082
	longitude: 10.3932064
	altitude: 49.2816162109375
}
					
{
	time: 1544372489369
	latitude: 55.3963217
	longitude: 10.3931995
	altitude: 49.22900390625
}
					
{
	time: 1544372490362
	latitude: 55.3963268
	longitude: 10.3931938
	altitude: 49.130859375
}
					
{
	time: 1544372491366
	latitude: 55.3963374
	longitude: 10.3931936
	altitude: 48.8326416015625
}
					
{
	time: 1544372492366
	latitude: 55.3963383
	longitude: 10.393189
	altitude: 48.55743408203125
}
					
{
	time: 1544372493365
	latitude: 55.3963519
	longitude: 10.3931845
	altitude: 48.97247314453125
}
					
{
	time: 1544372494368
	latitude: 55.3963643
	longitude: 10.3931788
	altitude: 48.97235107421875
}
					
{
	time: 1544372495363
	latitude: 55.3963703
	longitude: 10.3931742
	altitude: 49.36126708984375
}
					
{
	time: 1544372496365
	latitude: 55.3963804
	longitude: 10.3931683
	altitude: 49.6937255859375
}
					
{
	time: 1544372497368
	latitude: 55.3963842
	longitude: 10.3931652
	altitude: 50.33380126953125
}
					
{
	time: 1544372498381
	latitude: 55.3963939
	longitude: 10.3931602
	altitude: 51.02410888671875
}
					
{
	time: 1544372499387
	latitude: 55.3964046
	longitude: 10.3931555
	altitude: 51.9010009765625
}
					
{
	time: 1544372500380
	latitude: 55.3964084
	longitude: 10.3931558
	altitude: 52.4713134765625
}
					
{
	time: 1544372501379
	latitude: 55.3964235
	longitude: 10.3931495
	altitude: 52.1851806640625
}
					
{
	time: 1544372502372
	latitude: 55.3964311
	longitude: 10.3931442
	altitude: 52.7403564453125
}
					
{
	time: 1544372503364
	latitude: 55.3964418
	longitude: 10.393136
	altitude: 53.6773681640625
}
					
{
	time: 1544372504365
	latitude: 55.3964456
	longitude: 10.3931323
	altitude: 53.70587158203125
}
					
{
	time: 1544372505367
	latitude: 55.3964564
	longitude: 10.3931256
	altitude: 53.94024658203125
}
					
{
	time: 1544372506362
	latitude: 55.3964635
	longitude: 10.3931196
	altitude: 53.44317626953125
}
					
{
	time: 1544372507366
	latitude: 55.3964712
	longitude: 10.3931143
	altitude: 53.9552001953125
}
					
{
	time: 1544372508363
	latitude: 55.3964827
	longitude: 10.3931082
	altitude: 52.489501953125
}
					
{
	time: 1544372509373
	latitude: 55.3964876
	longitude: 10.3930996
	altitude: 53.03271484375
}
					
{
	time: 1544372510388
	latitude: 55.3964982
	longitude: 10.3930863
	altitude: 53.11688232421875
}
					
{
	time: 1544372511386
	latitude: 55.3965085
	longitude: 10.3930766
	altitude: 54.33251953125
}
					
{
	time: 1544372512397
	latitude: 55.3965135
	longitude: 10.3930666
	altitude: 53.947509765625
}
					
{
	time: 1544372513375
	latitude: 55.3965246
	longitude: 10.3930574
	altitude: 53.69488525390625
}
					
{
	time: 1544372514384
	latitude: 55.3965303
	longitude: 10.3930493
	altitude: 53.35101318359375
}
					
{
	time: 1544372515383
	latitude: 55.3965427
	longitude: 10.3930406
	altitude: 53.13287353515625
}
					
{
	time: 1544372516396
	latitude: 55.3965547
	longitude: 10.3930334
	altitude: 52.9219970703125
}
					
{
	time: 1544372517388
	latitude: 55.3965611
	longitude: 10.3930276
	altitude: 53.18121337890625
}
					
{
	time: 1544372518383
	latitude: 55.3965731
	longitude: 10.3930174
	altitude: 52.71527099609375
}
					
{
	time: 1544372519383
	latitude: 55.3965847
	longitude: 10.3930103
	altitude: 52.5648193359375
}
					
{
	time: 1544372520384
	latitude: 55.3965957
	longitude: 10.3929989
	altitude: 52.1102294921875
}
					
{
	time: 1544372521382
	latitude: 55.3966024
	longitude: 10.3929923
	altitude: 51.94256591796875
}
					
{
	time: 1544372522387
	latitude: 55.3966153
	longitude: 10.3929857
	altitude: 52.527587890625
}
					
{
	time: 1544372523385
	latitude: 55.3966225
	longitude: 10.3929803
	altitude: 52.59124755859375
}
					
{
	time: 1544372524376
	latitude: 55.3966314
	longitude: 10.3929737
	altitude: 52.87066650390625
}
					
{
	time: 1544372525380
	latitude: 55.3966417
	longitude: 10.392969
	altitude: 52.687255859375
}
					
{
	time: 1544372526369
	latitude: 55.396657
	longitude: 10.3929652
	altitude: 52.735107421875
}
					
{
	time: 1544372527365
	latitude: 55.3966662
	longitude: 10.392958
	altitude: 54.08392333984375
}
					
{
	time: 1544372528367
	latitude: 55.3966763
	longitude: 10.3929505
	altitude: 53.7794189453125
}
					
{
	time: 1544372529376
	latitude: 55.3966921
	longitude: 10.3929422
	altitude: 53.4453125
}
					
{
	time: 1544372530383
	latitude: 55.3967024
	longitude: 10.3929365
	altitude: 53.03900146484375
}
					
{
	time: 1544372531382
	latitude: 55.3967177
	longitude: 10.3929309
	altitude: 54.181884765625
}
					
{
	time: 1544372532386
	latitude: 55.3967316
	longitude: 10.3929264
	altitude: 54.43634033203125
}
					
{
	time: 1544372533381
	latitude: 55.39674
	longitude: 10.3929268
	altitude: 55.17303466796875
}
					
{
	time: 1544372534380
	latitude: 55.3967543
	longitude: 10.3929225
	altitude: 55.1014404296875
}
					
{
	time: 1544372535383
	latitude: 55.3967683
	longitude: 10.3929161
	altitude: 55.5784912109375
}
					
{
	time: 1544372536374
	latitude: 55.396778
	longitude: 10.3929099
	altitude: 55.87152099609375
}
					
{
	time: 1544372537367
	latitude: 55.3967937
	longitude: 10.3929038
	altitude: 56.2032470703125
}
					
{
	time: 1544372538365
	latitude: 55.3968074
	longitude: 10.3928904
	altitude: 56.00390625
}
					
{
	time: 1544372539372
	latitude: 55.3968204
	longitude: 10.3928756
	altitude: 55.8350830078125
}
					
{
	time: 1544372540365
	latitude: 55.3968287
	longitude: 10.3928647
	altitude: 55.15777587890625
}
					
{
	time: 1544372541362
	latitude: 55.3968415
	longitude: 10.3928468
	altitude: 55.20684814453125
}
					
{
	time: 1544372542380
	latitude: 55.3968495
	longitude: 10.3928347
	altitude: 54.92315673828125
}
					
{
	time: 1544372543373
	latitude: 55.3968601
	longitude: 10.3928138
	altitude: 55.24456787109375
}
					
{
	time: 1544372544369
	latitude: 55.3968642
	longitude: 10.3927971
	altitude: 55.6004638671875
}
					
{
	time: 1544372545367
	latitude: 55.3968693
	longitude: 10.392779
	altitude: 55.6534423828125
}
					
{
	time: 1544372546366
	latitude: 55.3968759
	longitude: 10.3927515
	altitude: 55.794189453125
}
					
{
	time: 1544372547366
	latitude: 55.3968795
	longitude: 10.3927323
	altitude: 55.94012451171875
}
					
{
	time: 1544372548366
	latitude: 55.3968824
	longitude: 10.3927114
	altitude: 56.03424072265625
}
					
{
	time: 1544372549363
	latitude: 55.3968883
	longitude: 10.3926822
	altitude: 56.0582275390625
}
					
{
	time: 1544372550367
	latitude: 55.3968927
	longitude: 10.3926544
	altitude: 56.15826416015625
}
					
{
	time: 1544372551362
	latitude: 55.3968934
	longitude: 10.3926351
	altitude: 56.36181640625
}
					
{
	time: 1544372552365
	latitude: 55.3968937
	longitude: 10.3926129
	altitude: 55.7537841796875
}
					
{
	time: 1544372553369
	latitude: 55.396894
	longitude: 10.3925893
	altitude: 54.546875
}
					
{
	time: 1544372554369
	latitude: 55.3968953
	longitude: 10.3925662
	altitude: 54.11773681640625
}
					
{
	time: 1544372555367
	latitude: 55.3968978
	longitude: 10.3925353
	altitude: 53.37274169921875
}
					
{
	time: 1544372556367
	latitude: 55.3968968
	longitude: 10.392521
	altitude: 53.5355224609375
}
					
{
	time: 1544372557367
	latitude: 55.3969017
	longitude: 10.3924916
	altitude: 53.69635009765625
}
					
{
	time: 1544372558366
	latitude: 55.3969025
	longitude: 10.3924702
	altitude: 53.96221923828125
}
					
{
	time: 1544372559364
	latitude: 55.3969056
	longitude: 10.3924516
	altitude: 53.8890380859375
}
					
{
	time: 1544372560363
	latitude: 55.3969154
	longitude: 10.3924366
	altitude: 54.48876953125
}
					
{
	time: 1544372561368
	latitude: 55.3969249
	longitude: 10.3924251
	altitude: 54.9208984375
}
					
{
	time: 1544372562364
	latitude: 55.396934
	longitude: 10.3924168
	altitude: 54.56817626953125
}
					
{
	time: 1544372563363
	latitude: 55.3969382
	longitude: 10.3924117
	altitude: 54.62786865234375
}
					
{
	time: 1544372564364
	latitude: 55.3969492
	longitude: 10.392406
	altitude: 54.53314208984375
}
					
{
	time: 1544372565365
	latitude: 55.3969548
	longitude: 10.3923994
	altitude: 54.36907958984375
}
					
{
	time: 1544372566365
	latitude: 55.3969666
	longitude: 10.3923981
	altitude: 54.73675537109375
}
					
{
	time: 1544372567369
	latitude: 55.396973
	longitude: 10.3923939
	altitude: 54.559814453125
}
					
{
	time: 1544372568365
	latitude: 55.3969806
	longitude: 10.3923927
	altitude: 54.86822509765625
}
					
{
	time: 1544372569365
	latitude: 55.3969893
	longitude: 10.3923898
	altitude: 55.11724853515625
}
					
{
	time: 1544372570366
	latitude: 55.3970034
	longitude: 10.3923931
	altitude: 55.3018798828125
}
					
{
	time: 1544372571364
	latitude: 55.3970124
	longitude: 10.3923945
	altitude: 55.3143310546875
}
					
{
	time: 1544372572369
	latitude: 55.3970229
	longitude: 10.3923999
	altitude: 55.451171875
}
					
{
	time: 1544372573368
	latitude: 55.3970407
	longitude: 10.3924056
	altitude: 55.729248046875
}
					
{
	time: 1544372574358
	latitude: 55.3970545
	longitude: 10.3924119
	altitude: 56.172607421875
}
					
{
	time: 1544372575349
	latitude: 55.3970736
	longitude: 10.3924161
	altitude: 55.0726318359375
}
					
{
	time: 1544372576351
	latitude: 55.3970915
	longitude: 10.3924151
	altitude: 54.6534423828125
}
					
{
	time: 1544372577355
	latitude: 55.3971029
	longitude: 10.3924109
	altitude: 54.12457275390625
}
					
{
	time: 1544372578355
	latitude: 55.3971181
	longitude: 10.3924098
	altitude: 53.8162841796875
}
					
{
	time: 1544372579351
	latitude: 55.3971307
	longitude: 10.3924062
	altitude: 54.659912109375
}
					
{
	time: 1544372580354
	latitude: 55.3971342
	longitude: 10.3924006
	altitude: 54.98736572265625
}
					
{
	time: 1544372581358
	latitude: 55.3971368
	longitude: 10.3923946
	altitude: 54.9869384765625
}
					
{
	time: 1544372582364
	latitude: 55.3971438
	longitude: 10.392396
	altitude: 54.83233642578125
}
					
{
	time: 1544372583370
	latitude: 55.3971405
	longitude: 10.3924021
	altitude: 54.45208740234375
}
					
{
	time: 1544372584363
	latitude: 55.3971385
	longitude: 10.3923978
	altitude: 54.1085205078125
}
					
{
	time: 1544372585364
	latitude: 55.3971373
	longitude: 10.3923948
	altitude: 53.63629150390625
}
					
{
	time: 1544372586364
	latitude: 55.3971291
	longitude: 10.3924031
	altitude: 53.38018798828125
}
					
{
	time: 1544372587369
	latitude: 55.3971263
	longitude: 10.3924026
	altitude: 53.30914306640625
}
					
{
	time: 1544372588372
	latitude: 55.3971279
	longitude: 10.3923968
	altitude: 53.21234130859375
}
					
{
	time: 1544372589367
	latitude: 55.39713
	longitude: 10.3923949
	altitude: 53.86309814453125
}
					